{"/Users/julianbradley/daily-event-insurance/app/api/auth/register/route.ts": {"path":"/Users/julianbradley/daily-event-insurance/app/api/auth/register/route.ts","statementMap":{"0":{"start":{"line":14,"column":2},"end":{"line":146,"column":null}},"1":{"start":{"line":16,"column":10},"end":{"line":16,"column":null}},"2":{"start":{"line":17,"column":48},"end":{"line":17,"column":null}},"3":{"start":{"line":19,"column":4},"end":{"line":21,"column":null}},"4":{"start":{"line":20,"column":6},"end":{"line":20,"column":null}},"5":{"start":{"line":25,"column":4},"end":{"line":32,"column":null}},"6":{"start":{"line":26,"column":6},"end":{"line":26,"column":null}},"7":{"start":{"line":28,"column":6},"end":{"line":31,"column":null}},"8":{"start":{"line":35,"column":10},"end":{"line":35,"column":null}},"9":{"start":{"line":36,"column":4},"end":{"line":66,"column":null}},"10":{"start":{"line":38,"column":29},"end":{"line":38,"column":null}},"11":{"start":{"line":38,"column":59},"end":{"line":38,"column":81}},"12":{"start":{"line":39,"column":26},"end":{"line":39,"column":null}},"13":{"start":{"line":39,"column":56},"end":{"line":39,"column":78}},"14":{"start":{"line":42,"column":41},"end":{"line":44,"column":null}},"15":{"start":{"line":44,"column":34},"end":{"line":44,"column":78}},"16":{"start":{"line":46,"column":6},"end":{"line":56,"column":null}},"17":{"start":{"line":48,"column":8},"end":{"line":55,"column":null}},"18":{"start":{"line":58,"column":6},"end":{"line":65,"column":null}},"19":{"start":{"line":68,"column":38},"end":{"line":68,"column":null}},"20":{"start":{"line":71,"column":10},"end":{"line":71,"column":null}},"21":{"start":{"line":72,"column":4},"end":{"line":82,"column":null}},"22":{"start":{"line":73,"column":6},"end":{"line":81,"column":null}},"23":{"start":{"line":85,"column":4},"end":{"line":94,"column":null}},"24":{"start":{"line":86,"column":6},"end":{"line":93,"column":null}},"25":{"start":{"line":96,"column":4},"end":{"line":101,"column":null}},"26":{"start":{"line":97,"column":6},"end":{"line":100,"column":null}},"27":{"start":{"line":104,"column":27},"end":{"line":108,"column":null}},"28":{"start":{"line":110,"column":4},"end":{"line":116,"column":null}},"29":{"start":{"line":112,"column":6},"end":{"line":115,"column":null}},"30":{"start":{"line":119,"column":25},"end":{"line":119,"column":null}},"31":{"start":{"line":122,"column":22},"end":{"line":130,"column":null}},"32":{"start":{"line":132,"column":4},"end":{"line":139,"column":null}},"33":{"start":{"line":141,"column":4},"end":{"line":141,"column":null}},"34":{"start":{"line":142,"column":4},"end":{"line":145,"column":null}}},"fnMap":{"0":{"name":"POST","decl":{"start":{"line":13,"column":22},"end":{"line":13,"column":27}},"loc":{"start":{"line":13,"column":45},"end":{"line":147,"column":null}},"line":13},"1":{"name":"(anonymous_1)","decl":{"start":{"line":38,"column":54},"end":{"line":38,"column":59}},"loc":{"start":{"line":38,"column":59},"end":{"line":38,"column":81}},"line":38},"2":{"name":"(anonymous_2)","decl":{"start":{"line":39,"column":51},"end":{"line":39,"column":56}},"loc":{"start":{"line":39,"column":56},"end":{"line":39,"column":78}},"line":39},"3":{"name":"(anonymous_3)","decl":{"start":{"line":44,"column":29},"end":{"line":44,"column":34}},"loc":{"start":{"line":44,"column":34},"end":{"line":44,"column":78}},"line":44}},"branchMap":{"0":{"loc":{"start":{"line":19,"column":4},"end":{"line":21,"column":null}},"type":"if","locations":[{"start":{"line":19,"column":4},"end":{"line":21,"column":null}},{"start":{},"end":{}}],"line":19},"1":{"loc":{"start":{"line":36,"column":4},"end":{"line":66,"column":null}},"type":"if","locations":[{"start":{"line":36,"column":4},"end":{"line":66,"column":null}},{"start":{},"end":{}}],"line":36},"2":{"loc":{"start":{"line":42,"column":41},"end":{"line":44,"column":null}},"type":"binary-expr","locations":[{"start":{"line":42,"column":41},"end":{"line":42,"column":null}},{"start":{"line":43,"column":8},"end":{"line":43,"column":null}},{"start":{"line":44,"column":8},"end":{"line":44,"column":null}}],"line":42},"3":{"loc":{"start":{"line":46,"column":6},"end":{"line":56,"column":null}},"type":"if","locations":[{"start":{"line":46,"column":6},"end":{"line":56,"column":null}},{"start":{},"end":{}}],"line":46},"4":{"loc":{"start":{"line":72,"column":4},"end":{"line":82,"column":null}},"type":"if","locations":[{"start":{"line":72,"column":4},"end":{"line":82,"column":null}},{"start":{},"end":{}}],"line":72},"5":{"loc":{"start":{"line":85,"column":4},"end":{"line":94,"column":null}},"type":"if","locations":[{"start":{"line":85,"column":4},"end":{"line":94,"column":null}},{"start":{},"end":{}}],"line":85},"6":{"loc":{"start":{"line":96,"column":4},"end":{"line":101,"column":null}},"type":"if","locations":[{"start":{"line":96,"column":4},"end":{"line":101,"column":null}},{"start":{},"end":{}}],"line":96},"7":{"loc":{"start":{"line":110,"column":4},"end":{"line":116,"column":null}},"type":"if","locations":[{"start":{"line":110,"column":4},"end":{"line":116,"column":null}},{"start":{},"end":{}}],"line":110},"8":{"loc":{"start":{"line":125,"column":14},"end":{"line":125,"column":null}},"type":"binary-expr","locations":[{"start":{"line":125,"column":14},"end":{"line":125,"column":22}},{"start":{"line":125,"column":22},"end":{"line":125,"column":null}}],"line":125}},"s":{"0":26,"1":26,"2":26,"3":26,"4":1,"5":25,"6":25,"7":2,"8":23,"9":23,"10":11,"11":15,"12":11,"13":15,"14":11,"15":10,"16":11,"17":6,"18":5,"19":12,"20":12,"21":12,"22":1,"23":11,"24":0,"25":11,"26":1,"27":10,"28":9,"29":1,"30":8,"31":8,"32":7,"33":2,"34":2},"f":{"0":26,"1":15,"2":15,"3":10},"b":{"0":[1,25],"1":[11,12],"2":[11,8,7],"3":[6,5],"4":[1,11],"5":[0,11],"6":[1,10],"7":[1,8],"8":[8,5]},"meta":{"lastBranch":9,"lastFunction":4,"lastStatement":35,"seen":{"f:13:22:13:27":0,"s:14:2:146:Infinity":0,"s:16:10:16:Infinity":1,"s:17:48:17:Infinity":2,"b:19:4:21:Infinity:undefined:undefined:undefined:undefined":0,"s:19:4:21:Infinity":3,"s:20:6:20:Infinity":4,"s:25:4:32:Infinity":5,"s:26:6:26:Infinity":6,"s:28:6:31:Infinity":7,"s:35:10:35:Infinity":8,"b:36:4:66:Infinity:undefined:undefined:undefined:undefined":1,"s:36:4:66:Infinity":9,"s:38:29:38:Infinity":10,"f:38:54:38:59":1,"s:38:59:38:81":11,"s:39:26:39:Infinity":12,"f:39:51:39:56":2,"s:39:56:39:78":13,"s:42:41:44:Infinity":14,"b:42:41:42:Infinity:43:8:43:Infinity:44:8:44:Infinity":2,"f:44:29:44:34":3,"s:44:34:44:78":15,"b:46:6:56:Infinity:undefined:undefined:undefined:undefined":3,"s:46:6:56:Infinity":16,"s:48:8:55:Infinity":17,"s:58:6:65:Infinity":18,"s:68:38:68:Infinity":19,"s:71:10:71:Infinity":20,"b:72:4:82:Infinity:undefined:undefined:undefined:undefined":4,"s:72:4:82:Infinity":21,"s:73:6:81:Infinity":22,"b:85:4:94:Infinity:undefined:undefined:undefined:undefined":5,"s:85:4:94:Infinity":23,"s:86:6:93:Infinity":24,"b:96:4:101:Infinity:undefined:undefined:undefined:undefined":6,"s:96:4:101:Infinity":25,"s:97:6:100:Infinity":26,"s:104:27:108:Infinity":27,"b:110:4:116:Infinity:undefined:undefined:undefined:undefined":7,"s:110:4:116:Infinity":28,"s:112:6:115:Infinity":29,"s:119:25:119:Infinity":30,"s:122:22:130:Infinity":31,"b:125:14:125:22:125:22:125:Infinity":8,"s:132:4:139:Infinity":32,"s:141:4:141:Infinity":33,"s:142:4:145:Infinity":34}}}
,"/Users/julianbradley/daily-event-insurance/app/api/campaigns/outbound/route.ts": {"path":"/Users/julianbradley/daily-event-insurance/app/api/campaigns/outbound/route.ts","statementMap":{"0":{"start":{"line":10,"column":28},"end":{"line":17,"column":null}},"1":{"start":{"line":20,"column":27},"end":{"line":22,"column":null}},"2":{"start":{"line":30,"column":2},"end":{"line":70,"column":null}},"3":{"start":{"line":32,"column":4},"end":{"line":32,"column":null}},"4":{"start":{"line":34,"column":17},"end":{"line":34,"column":null}},"5":{"start":{"line":35,"column":23},"end":{"line":35,"column":null}},"6":{"start":{"line":37,"column":4},"end":{"line":39,"column":null}},"7":{"start":{"line":38,"column":6},"end":{"line":38,"column":null}},"8":{"start":{"line":41,"column":84},"end":{"line":41,"column":null}},"9":{"start":{"line":43,"column":19},"end":{"line":50,"column":null}},"10":{"start":{"line":52,"column":4},"end":{"line":54,"column":null}},"11":{"start":{"line":53,"column":6},"end":{"line":53,"column":null}},"12":{"start":{"line":56,"column":4},"end":{"line":69,"column":null}},"13":{"start":{"line":79,"column":2},"end":{"line":102,"column":null}},"14":{"start":{"line":81,"column":4},"end":{"line":81,"column":null}},"15":{"start":{"line":83,"column":17},"end":{"line":83,"column":null}},"16":{"start":{"line":84,"column":23},"end":{"line":84,"column":null}},"17":{"start":{"line":86,"column":4},"end":{"line":88,"column":null}},"18":{"start":{"line":87,"column":6},"end":{"line":87,"column":null}},"19":{"start":{"line":90,"column":23},"end":{"line":90,"column":null}},"20":{"start":{"line":92,"column":19},"end":{"line":92,"column":null}},"21":{"start":{"line":94,"column":4},"end":{"line":96,"column":null}},"22":{"start":{"line":95,"column":6},"end":{"line":95,"column":null}},"23":{"start":{"line":98,"column":4},"end":{"line":101,"column":null}},"24":{"start":{"line":111,"column":2},"end":{"line":133,"column":null}},"25":{"start":{"line":113,"column":4},"end":{"line":113,"column":null}},"26":{"start":{"line":115,"column":29},"end":{"line":115,"column":null}},"27":{"start":{"line":116,"column":19},"end":{"line":116,"column":null}},"28":{"start":{"line":118,"column":4},"end":{"line":120,"column":null}},"29":{"start":{"line":119,"column":6},"end":{"line":119,"column":null}},"30":{"start":{"line":122,"column":42},"end":{"line":122,"column":null}},"31":{"start":{"line":123,"column":19},"end":{"line":123,"column":null}},"32":{"start":{"line":125,"column":4},"end":{"line":127,"column":null}},"33":{"start":{"line":126,"column":6},"end":{"line":126,"column":null}},"34":{"start":{"line":129,"column":4},"end":{"line":132,"column":null}}},"fnMap":{"0":{"name":"POST","decl":{"start":{"line":29,"column":22},"end":{"line":29,"column":27}},"loc":{"start":{"line":29,"column":49},"end":{"line":71,"column":null}},"line":29},"1":{"name":"(anonymous_1)","decl":{"start":{"line":30,"column":18},"end":{"line":30,"column":30}},"loc":{"start":{"line":30,"column":30},"end":{"line":70,"column":3}},"line":30},"2":{"name":"DELETE","decl":{"start":{"line":78,"column":22},"end":{"line":78,"column":29}},"loc":{"start":{"line":78,"column":51},"end":{"line":103,"column":null}},"line":78},"3":{"name":"(anonymous_3)","decl":{"start":{"line":79,"column":18},"end":{"line":79,"column":30}},"loc":{"start":{"line":79,"column":30},"end":{"line":102,"column":3}},"line":79},"4":{"name":"GET","decl":{"start":{"line":110,"column":22},"end":{"line":110,"column":26}},"loc":{"start":{"line":110,"column":48},"end":{"line":134,"column":null}},"line":110},"5":{"name":"(anonymous_5)","decl":{"start":{"line":111,"column":18},"end":{"line":111,"column":30}},"loc":{"start":{"line":111,"column":30},"end":{"line":133,"column":3}},"line":111}},"branchMap":{"0":{"loc":{"start":{"line":37,"column":4},"end":{"line":39,"column":null}},"type":"if","locations":[{"start":{"line":37,"column":4},"end":{"line":39,"column":null}},{"start":{},"end":{}}],"line":37},"1":{"loc":{"start":{"line":52,"column":4},"end":{"line":54,"column":null}},"type":"if","locations":[{"start":{"line":52,"column":4},"end":{"line":54,"column":null}},{"start":{},"end":{}}],"line":52},"2":{"loc":{"start":{"line":53,"column":25},"end":{"line":53,"column":67}},"type":"binary-expr","locations":[{"start":{"line":53,"column":25},"end":{"line":53,"column":41}},{"start":{"line":53,"column":41},"end":{"line":53,"column":67}}],"line":53},"3":{"loc":{"start":{"line":86,"column":4},"end":{"line":88,"column":null}},"type":"if","locations":[{"start":{"line":86,"column":4},"end":{"line":88,"column":null}},{"start":{},"end":{}}],"line":86},"4":{"loc":{"start":{"line":94,"column":4},"end":{"line":96,"column":null}},"type":"if","locations":[{"start":{"line":94,"column":4},"end":{"line":96,"column":null}},{"start":{},"end":{}}],"line":94},"5":{"loc":{"start":{"line":95,"column":25},"end":{"line":95,"column":66}},"type":"binary-expr","locations":[{"start":{"line":95,"column":25},"end":{"line":95,"column":41}},{"start":{"line":95,"column":41},"end":{"line":95,"column":66}}],"line":95},"6":{"loc":{"start":{"line":118,"column":4},"end":{"line":120,"column":null}},"type":"if","locations":[{"start":{"line":118,"column":4},"end":{"line":120,"column":null}},{"start":{},"end":{}}],"line":118},"7":{"loc":{"start":{"line":125,"column":4},"end":{"line":127,"column":null}},"type":"if","locations":[{"start":{"line":125,"column":4},"end":{"line":127,"column":null}},{"start":{},"end":{}}],"line":125}},"s":{"0":1,"1":1,"2":13,"3":12,"4":11,"5":11,"6":11,"7":4,"8":7,"9":7,"10":7,"11":1,"12":6,"13":4,"14":4,"15":4,"16":4,"17":4,"18":1,"19":3,"20":3,"21":3,"22":1,"23":2,"24":4,"25":4,"26":4,"27":4,"28":4,"29":1,"30":3,"31":3,"32":3,"33":1,"34":2},"f":{"0":13,"1":12,"2":4,"3":4,"4":4,"5":4},"b":{"0":[4,7],"1":[1,6],"2":[1,0],"3":[1,3],"4":[1,2],"5":[1,0],"6":[1,3],"7":[1,2]},"meta":{"lastBranch":8,"lastFunction":6,"lastStatement":35,"seen":{"s:10:28:17:Infinity":0,"s:20:27:22:Infinity":1,"f:29:22:29:27":0,"s:30:2:70:Infinity":2,"f:30:18:30:30":1,"s:32:4:32:Infinity":3,"s:34:17:34:Infinity":4,"s:35:23:35:Infinity":5,"b:37:4:39:Infinity:undefined:undefined:undefined:undefined":0,"s:37:4:39:Infinity":6,"s:38:6:38:Infinity":7,"s:41:84:41:Infinity":8,"s:43:19:50:Infinity":9,"b:52:4:54:Infinity:undefined:undefined:undefined:undefined":1,"s:52:4:54:Infinity":10,"s:53:6:53:Infinity":11,"b:53:25:53:41:53:41:53:67":2,"s:56:4:69:Infinity":12,"f:78:22:78:29":2,"s:79:2:102:Infinity":13,"f:79:18:79:30":3,"s:81:4:81:Infinity":14,"s:83:17:83:Infinity":15,"s:84:23:84:Infinity":16,"b:86:4:88:Infinity:undefined:undefined:undefined:undefined":3,"s:86:4:88:Infinity":17,"s:87:6:87:Infinity":18,"s:90:23:90:Infinity":19,"s:92:19:92:Infinity":20,"b:94:4:96:Infinity:undefined:undefined:undefined:undefined":4,"s:94:4:96:Infinity":21,"s:95:6:95:Infinity":22,"b:95:25:95:41:95:41:95:66":5,"s:98:4:101:Infinity":23,"f:110:22:110:26":4,"s:111:2:133:Infinity":24,"f:111:18:111:30":5,"s:113:4:113:Infinity":25,"s:115:29:115:Infinity":26,"s:116:19:116:Infinity":27,"b:118:4:120:Infinity:undefined:undefined:undefined:undefined":6,"s:118:4:120:Infinity":28,"s:119:6:119:Infinity":29,"s:122:42:122:Infinity":30,"s:123:19:123:Infinity":31,"b:125:4:127:Infinity:undefined:undefined:undefined:undefined":7,"s:125:4:127:Infinity":32,"s:126:6:126:Infinity":33,"s:129:4:132:Infinity":34}}}
,"/Users/julianbradley/daily-event-insurance/app/api/documents/sign/route.ts": {"path":"/Users/julianbradley/daily-event-insurance/app/api/documents/sign/route.ts","statementMap":{"0":{"start":{"line":13,"column":2},"end":{"line":40,"column":null}},"1":{"start":{"line":15,"column":20},"end":{"line":17,"column":null}},"2":{"start":{"line":19,"column":4},"end":{"line":19,"column":null}},"3":{"start":{"line":21,"column":21},"end":{"line":27,"column":null}},"4":{"start":{"line":29,"column":4},"end":{"line":32,"column":null}},"5":{"start":{"line":30,"column":24},"end":{"line":30,"column":null}},"6":{"start":{"line":31,"column":6},"end":{"line":31,"column":null}},"7":{"start":{"line":34,"column":19},"end":{"line":34,"column":null}},"8":{"start":{"line":35,"column":4},"end":{"line":35,"column":null}},"9":{"start":{"line":37,"column":4},"end":{"line":37,"column":null}},"10":{"start":{"line":39,"column":4},"end":{"line":39,"column":null}},"11":{"start":{"line":46,"column":2},"end":{"line":210,"column":null}},"12":{"start":{"line":49,"column":23},"end":{"line":49,"column":null}},"13":{"start":{"line":51,"column":4},"end":{"line":209,"column":null}},"14":{"start":{"line":52,"column":19},"end":{"line":52,"column":null}},"15":{"start":{"line":53,"column":82},"end":{"line":53,"column":null}},"16":{"start":{"line":55,"column":6},"end":{"line":60,"column":null}},"17":{"start":{"line":56,"column":8},"end":{"line":59,"column":null}},"18":{"start":{"line":63,"column":25},"end":{"line":63,"column":null}},"19":{"start":{"line":64,"column":6},"end":{"line":71,"column":null}},"20":{"start":{"line":66,"column":29},"end":{"line":66,"column":null}},"21":{"start":{"line":67,"column":8},"end":{"line":70,"column":null}},"22":{"start":{"line":74,"column":6},"end":{"line":79,"column":null}},"23":{"start":{"line":75,"column":8},"end":{"line":78,"column":null}},"24":{"start":{"line":82,"column":24},"end":{"line":86,"column":null}},"25":{"start":{"line":88,"column":6},"end":{"line":93,"column":null}},"26":{"start":{"line":89,"column":8},"end":{"line":92,"column":null}},"27":{"start":{"line":96,"column":6},"end":{"line":102,"column":null}},"28":{"start":{"line":97,"column":8},"end":{"line":97,"column":null}},"29":{"start":{"line":98,"column":8},"end":{"line":101,"column":null}},"30":{"start":{"line":105,"column":26},"end":{"line":115,"column":null}},"31":{"start":{"line":117,"column":6},"end":{"line":122,"column":null}},"32":{"start":{"line":118,"column":8},"end":{"line":121,"column":null}},"33":{"start":{"line":125,"column":18},"end":{"line":125,"column":null}},"34":{"start":{"line":126,"column":6},"end":{"line":133,"column":null}},"35":{"start":{"line":136,"column":52},"end":{"line":138,"column":null}},"36":{"start":{"line":140,"column":6},"end":{"line":146,"column":null}},"37":{"start":{"line":141,"column":8},"end":{"line":141,"column":null}},"38":{"start":{"line":142,"column":6},"end":{"line":146,"column":null}},"39":{"start":{"line":143,"column":8},"end":{"line":143,"column":null}},"40":{"start":{"line":144,"column":6},"end":{"line":146,"column":null}},"41":{"start":{"line":145,"column":8},"end":{"line":145,"column":null}},"42":{"start":{"line":148,"column":6},"end":{"line":151,"column":null}},"43":{"start":{"line":154,"column":31},"end":{"line":158,"column":null}},"44":{"start":{"line":161,"column":8},"end":{"line":163,"column":null}},"45":{"start":{"line":166,"column":6},"end":{"line":190,"column":null}},"46":{"start":{"line":167,"column":8},"end":{"line":175,"column":null}},"47":{"start":{"line":179,"column":8},"end":{"line":181,"column":null}},"48":{"start":{"line":180,"column":10},"end":{"line":180,"column":null}},"49":{"start":{"line":183,"column":8},"end":{"line":189,"column":null}},"50":{"start":{"line":192,"column":6},"end":{"line":202,"column":null}},"51":{"start":{"line":204,"column":6},"end":{"line":204,"column":null}},"52":{"start":{"line":205,"column":6},"end":{"line":208,"column":null}},"53":{"start":{"line":216,"column":2},"end":{"line":302,"column":null}},"54":{"start":{"line":219,"column":23},"end":{"line":219,"column":null}},"55":{"start":{"line":221,"column":4},"end":{"line":301,"column":null}},"56":{"start":{"line":222,"column":31},"end":{"line":222,"column":null}},"57":{"start":{"line":223,"column":24},"end":{"line":223,"column":null}},"58":{"start":{"line":225,"column":6},"end":{"line":230,"column":null}},"59":{"start":{"line":226,"column":8},"end":{"line":229,"column":null}},"60":{"start":{"line":233,"column":6},"end":{"line":238,"column":null}},"61":{"start":{"line":234,"column":8},"end":{"line":237,"column":null}},"62":{"start":{"line":241,"column":24},"end":{"line":245,"column":null}},"63":{"start":{"line":247,"column":6},"end":{"line":253,"column":null}},"64":{"start":{"line":249,"column":8},"end":{"line":252,"column":null}},"65":{"start":{"line":256,"column":6},"end":{"line":262,"column":null}},"66":{"start":{"line":258,"column":8},"end":{"line":261,"column":null}},"67":{"start":{"line":265,"column":25},"end":{"line":273,"column":null}},"68":{"start":{"line":275,"column":6},"end":{"line":294,"column":null}},"69":{"start":{"line":282,"column":45},"end":{"line":282,"column":96}},"70":{"start":{"line":286,"column":45},"end":{"line":286,"column":81}},"71":{"start":{"line":290,"column":45},"end":{"line":290,"column":93}},"72":{"start":{"line":296,"column":6},"end":{"line":296,"column":null}},"73":{"start":{"line":297,"column":6},"end":{"line":300,"column":null}}},"fnMap":{"0":{"name":"triggerOnboardingAutomation","decl":{"start":{"line":12,"column":15},"end":{"line":12,"column":43}},"loc":{"start":{"line":12,"column":77},"end":{"line":41,"column":null}},"line":12},"1":{"name":"POST","decl":{"start":{"line":45,"column":22},"end":{"line":45,"column":27}},"loc":{"start":{"line":45,"column":45},"end":{"line":211,"column":null}},"line":45},"2":{"name":"(anonymous_2)","decl":{"start":{"line":46,"column":18},"end":{"line":46,"column":30}},"loc":{"start":{"line":46,"column":30},"end":{"line":210,"column":3}},"line":46},"3":{"name":"(anonymous_3)","decl":{"start":{"line":179,"column":53},"end":{"line":179,"column":54}},"loc":{"start":{"line":179,"column":64},"end":{"line":181,"column":9}},"line":179},"4":{"name":"GET","decl":{"start":{"line":215,"column":22},"end":{"line":215,"column":26}},"loc":{"start":{"line":215,"column":44},"end":{"line":303,"column":null}},"line":215},"5":{"name":"(anonymous_5)","decl":{"start":{"line":216,"column":18},"end":{"line":216,"column":30}},"loc":{"start":{"line":216,"column":30},"end":{"line":302,"column":3}},"line":216},"6":{"name":"(anonymous_6)","decl":{"start":{"line":282,"column":38},"end":{"line":282,"column":39}},"loc":{"start":{"line":282,"column":45},"end":{"line":282,"column":96}},"line":282},"7":{"name":"(anonymous_7)","decl":{"start":{"line":286,"column":38},"end":{"line":286,"column":39}},"loc":{"start":{"line":286,"column":45},"end":{"line":286,"column":81}},"line":286},"8":{"name":"(anonymous_8)","decl":{"start":{"line":290,"column":38},"end":{"line":290,"column":39}},"loc":{"start":{"line":290,"column":45},"end":{"line":290,"column":93}},"line":290}},"branchMap":{"0":{"loc":{"start":{"line":15,"column":20},"end":{"line":17,"column":null}},"type":"cond-expr","locations":[{"start":{"line":16,"column":8},"end":{"line":16,"column":null}},{"start":{"line":17,"column":8},"end":{"line":17,"column":null}}],"line":15},"1":{"loc":{"start":{"line":15,"column":20},"end":{"line":15,"column":null}},"type":"binary-expr","locations":[{"start":{"line":15,"column":20},"end":{"line":15,"column":55}},{"start":{"line":15,"column":55},"end":{"line":15,"column":null}}],"line":15},"2":{"loc":{"start":{"line":29,"column":4},"end":{"line":32,"column":null}},"type":"if","locations":[{"start":{"line":29,"column":4},"end":{"line":32,"column":null}},{"start":{},"end":{}}],"line":29},"3":{"loc":{"start":{"line":31,"column":44},"end":{"line":31,"column":82}},"type":"binary-expr","locations":[{"start":{"line":31,"column":44},"end":{"line":31,"column":63}},{"start":{"line":31,"column":63},"end":{"line":31,"column":82}}],"line":31},"4":{"loc":{"start":{"line":55,"column":6},"end":{"line":60,"column":null}},"type":"if","locations":[{"start":{"line":55,"column":6},"end":{"line":60,"column":null}},{"start":{},"end":{}}],"line":55},"5":{"loc":{"start":{"line":55,"column":10},"end":{"line":55,"column":53}},"type":"binary-expr","locations":[{"start":{"line":55,"column":10},"end":{"line":55,"column":24}},{"start":{"line":55,"column":24},"end":{"line":55,"column":41}},{"start":{"line":55,"column":41},"end":{"line":55,"column":53}}],"line":55},"6":{"loc":{"start":{"line":64,"column":6},"end":{"line":71,"column":null}},"type":"if","locations":[{"start":{"line":64,"column":6},"end":{"line":71,"column":null}},{"start":{},"end":{}}],"line":64},"7":{"loc":{"start":{"line":68,"column":35},"end":{"line":68,"column":141}},"type":"cond-expr","locations":[{"start":{"line":68,"column":50},"end":{"line":68,"column":76}},{"start":{"line":68,"column":76},"end":{"line":68,"column":141}}],"line":68},"8":{"loc":{"start":{"line":74,"column":6},"end":{"line":79,"column":null}},"type":"if","locations":[{"start":{"line":74,"column":6},"end":{"line":79,"column":null}},{"start":{},"end":{}}],"line":74},"9":{"loc":{"start":{"line":88,"column":6},"end":{"line":93,"column":null}},"type":"if","locations":[{"start":{"line":88,"column":6},"end":{"line":93,"column":null}},{"start":{},"end":{}}],"line":88},"10":{"loc":{"start":{"line":96,"column":6},"end":{"line":102,"column":null}},"type":"if","locations":[{"start":{"line":96,"column":6},"end":{"line":102,"column":null}},{"start":{},"end":{}}],"line":96},"11":{"loc":{"start":{"line":117,"column":6},"end":{"line":122,"column":null}},"type":"if","locations":[{"start":{"line":117,"column":6},"end":{"line":122,"column":null}},{"start":{},"end":{}}],"line":117},"12":{"loc":{"start":{"line":140,"column":6},"end":{"line":146,"column":null}},"type":"if","locations":[{"start":{"line":140,"column":6},"end":{"line":146,"column":null}},{"start":{"line":142,"column":6},"end":{"line":146,"column":null}}],"line":140},"13":{"loc":{"start":{"line":142,"column":6},"end":{"line":146,"column":null}},"type":"if","locations":[{"start":{"line":142,"column":6},"end":{"line":146,"column":null}},{"start":{"line":144,"column":6},"end":{"line":146,"column":null}}],"line":142},"14":{"loc":{"start":{"line":144,"column":6},"end":{"line":146,"column":null}},"type":"if","locations":[{"start":{"line":144,"column":6},"end":{"line":146,"column":null}},{"start":{},"end":{}}],"line":144},"15":{"loc":{"start":{"line":161,"column":8},"end":{"line":163,"column":null}},"type":"binary-expr","locations":[{"start":{"line":161,"column":8},"end":{"line":161,"column":null}},{"start":{"line":162,"column":8},"end":{"line":162,"column":null}},{"start":{"line":163,"column":8},"end":{"line":163,"column":null}}],"line":161},"16":{"loc":{"start":{"line":166,"column":6},"end":{"line":190,"column":null}},"type":"if","locations":[{"start":{"line":166,"column":6},"end":{"line":190,"column":null}},{"start":{"line":182,"column":13},"end":{"line":190,"column":null}}],"line":166},"17":{"loc":{"start":{"line":198,"column":27},"end":{"line":198,"column":null}},"type":"cond-expr","locations":[{"start":{"line":198,"column":79},"end":{"line":198,"column":86}},{"start":{"line":198,"column":86},"end":{"line":198,"column":null}}],"line":198},"18":{"loc":{"start":{"line":199,"column":20},"end":{"line":199,"column":null}},"type":"cond-expr","locations":[{"start":{"line":199,"column":57},"end":{"line":199,"column":64}},{"start":{"line":199,"column":64},"end":{"line":199,"column":null}}],"line":199},"19":{"loc":{"start":{"line":200,"column":31},"end":{"line":200,"column":null}},"type":"cond-expr","locations":[{"start":{"line":200,"column":80},"end":{"line":200,"column":87}},{"start":{"line":200,"column":87},"end":{"line":200,"column":null}}],"line":200},"20":{"loc":{"start":{"line":225,"column":6},"end":{"line":230,"column":null}},"type":"if","locations":[{"start":{"line":225,"column":6},"end":{"line":230,"column":null}},{"start":{},"end":{}}],"line":225},"21":{"loc":{"start":{"line":233,"column":6},"end":{"line":238,"column":null}},"type":"if","locations":[{"start":{"line":233,"column":6},"end":{"line":238,"column":null}},{"start":{},"end":{}}],"line":233},"22":{"loc":{"start":{"line":247,"column":6},"end":{"line":253,"column":null}},"type":"if","locations":[{"start":{"line":247,"column":6},"end":{"line":253,"column":null}},{"start":{},"end":{}}],"line":247},"23":{"loc":{"start":{"line":256,"column":6},"end":{"line":262,"column":null}},"type":"if","locations":[{"start":{"line":256,"column":6},"end":{"line":262,"column":null}},{"start":{},"end":{}}],"line":256},"24":{"loc":{"start":{"line":281,"column":20},"end":{"line":281,"column":null}},"type":"binary-expr","locations":[{"start":{"line":281,"column":20},"end":{"line":281,"column":47}},{"start":{"line":281,"column":47},"end":{"line":281,"column":null}}],"line":281},"25":{"loc":{"start":{"line":285,"column":20},"end":{"line":285,"column":null}},"type":"binary-expr","locations":[{"start":{"line":285,"column":20},"end":{"line":285,"column":40}},{"start":{"line":285,"column":40},"end":{"line":285,"column":null}}],"line":285},"26":{"loc":{"start":{"line":289,"column":20},"end":{"line":289,"column":null}},"type":"binary-expr","locations":[{"start":{"line":289,"column":20},"end":{"line":289,"column":51}},{"start":{"line":289,"column":51},"end":{"line":289,"column":null}}],"line":289},"27":{"loc":{"start":{"line":293,"column":19},"end":{"line":293,"column":null}},"type":"binary-expr","locations":[{"start":{"line":293,"column":19},"end":{"line":293,"column":46}},{"start":{"line":293,"column":46},"end":{"line":293,"column":66}},{"start":{"line":293,"column":66},"end":{"line":293,"column":null}}],"line":293}},"s":{"0":0,"1":0,"2":0,"3":0,"4":0,"5":0,"6":0,"7":0,"8":0,"9":0,"10":0,"11":13,"12":13,"13":13,"14":13,"15":12,"16":12,"17":3,"18":9,"19":9,"20":1,"21":1,"22":8,"23":4,"24":4,"25":3,"26":1,"27":2,"28":0,"29":0,"30":2,"31":2,"32":1,"33":1,"34":1,"35":1,"36":1,"37":1,"38":0,"39":0,"40":0,"41":0,"42":1,"43":1,"44":1,"45":13,"46":0,"47":0,"48":0,"49":1,"50":1,"51":2,"52":2,"53":7,"54":7,"55":7,"56":7,"57":7,"58":7,"59":1,"60":6,"61":2,"62":4,"63":3,"64":1,"65":2,"66":0,"67":2,"68":2,"69":2,"70":4,"71":5,"72":1,"73":1},"f":{"0":0,"1":13,"2":13,"3":0,"4":7,"5":7,"6":2,"7":4,"8":5},"b":{"0":[0,0],"1":[0,0],"2":[0,0],"3":[0,0],"4":[3,9],"5":[12,11,10],"6":[1,8],"7":[0,1],"8":[4,4],"9":[1,2],"10":[0,2],"11":[1,1],"12":[1,0],"13":[0,0],"14":[0,0],"15":[1,1,1],"16":[0,1],"17":[1,0],"18":[0,1],"19":[0,1],"20":[1,6],"21":[2,4],"22":[1,2],"23":[0,2],"24":[2,0],"25":[7,1],"26":[7,0],"27":[7,2,1]},"meta":{"lastBranch":28,"lastFunction":9,"lastStatement":74,"seen":{"f:12:15:12:43":0,"s:13:2:40:Infinity":0,"s:15:20:17:Infinity":1,"b:16:8:16:Infinity:17:8:17:Infinity":0,"b:15:20:15:55:15:55:15:Infinity":1,"s:19:4:19:Infinity":2,"s:21:21:27:Infinity":3,"b:29:4:32:Infinity:undefined:undefined:undefined:undefined":2,"s:29:4:32:Infinity":4,"s:30:24:30:Infinity":5,"s:31:6:31:Infinity":6,"b:31:44:31:63:31:63:31:82":3,"s:34:19:34:Infinity":7,"s:35:4:35:Infinity":8,"s:37:4:37:Infinity":9,"s:39:4:39:Infinity":10,"f:45:22:45:27":1,"s:46:2:210:Infinity":11,"f:46:18:46:30":2,"s:49:23:49:Infinity":12,"s:51:4:209:Infinity":13,"s:52:19:52:Infinity":14,"s:53:82:53:Infinity":15,"b:55:6:60:Infinity:undefined:undefined:undefined:undefined":4,"s:55:6:60:Infinity":16,"b:55:10:55:24:55:24:55:41:55:41:55:53":5,"s:56:8:59:Infinity":17,"s:63:25:63:Infinity":18,"b:64:6:71:Infinity:undefined:undefined:undefined:undefined":6,"s:64:6:71:Infinity":19,"s:66:29:66:Infinity":20,"s:67:8:70:Infinity":21,"b:68:50:68:76:68:76:68:141":7,"b:74:6:79:Infinity:undefined:undefined:undefined:undefined":8,"s:74:6:79:Infinity":22,"s:75:8:78:Infinity":23,"s:82:24:86:Infinity":24,"b:88:6:93:Infinity:undefined:undefined:undefined:undefined":9,"s:88:6:93:Infinity":25,"s:89:8:92:Infinity":26,"b:96:6:102:Infinity:undefined:undefined:undefined:undefined":10,"s:96:6:102:Infinity":27,"s:97:8:97:Infinity":28,"s:98:8:101:Infinity":29,"s:105:26:115:Infinity":30,"b:117:6:122:Infinity:undefined:undefined:undefined:undefined":11,"s:117:6:122:Infinity":31,"s:118:8:121:Infinity":32,"s:125:18:125:Infinity":33,"s:126:6:133:Infinity":34,"s:136:52:138:Infinity":35,"b:140:6:146:Infinity:142:6:146:Infinity":12,"s:140:6:146:Infinity":36,"s:141:8:141:Infinity":37,"b:142:6:146:Infinity:144:6:146:Infinity":13,"s:142:6:146:Infinity":38,"s:143:8:143:Infinity":39,"b:144:6:146:Infinity:undefined:undefined:undefined:undefined":14,"s:144:6:146:Infinity":40,"s:145:8:145:Infinity":41,"s:148:6:151:Infinity":42,"s:154:31:158:Infinity":43,"s:161:8:163:Infinity":44,"b:161:8:161:Infinity:162:8:162:Infinity:163:8:163:Infinity":15,"b:166:6:190:Infinity:182:13:190:Infinity":16,"s:166:6:190:Infinity":45,"s:167:8:175:Infinity":46,"s:179:8:181:Infinity":47,"f:179:53:179:54":3,"s:180:10:180:Infinity":48,"s:183:8:189:Infinity":49,"s:192:6:202:Infinity":50,"b:198:79:198:86:198:86:198:Infinity":17,"b:199:57:199:64:199:64:199:Infinity":18,"b:200:80:200:87:200:87:200:Infinity":19,"s:204:6:204:Infinity":51,"s:205:6:208:Infinity":52,"f:215:22:215:26":4,"s:216:2:302:Infinity":53,"f:216:18:216:30":5,"s:219:23:219:Infinity":54,"s:221:4:301:Infinity":55,"s:222:31:222:Infinity":56,"s:223:24:223:Infinity":57,"b:225:6:230:Infinity:undefined:undefined:undefined:undefined":20,"s:225:6:230:Infinity":58,"s:226:8:229:Infinity":59,"b:233:6:238:Infinity:undefined:undefined:undefined:undefined":21,"s:233:6:238:Infinity":60,"s:234:8:237:Infinity":61,"s:241:24:245:Infinity":62,"b:247:6:253:Infinity:undefined:undefined:undefined:undefined":22,"s:247:6:253:Infinity":63,"s:249:8:252:Infinity":64,"b:256:6:262:Infinity:undefined:undefined:undefined:undefined":23,"s:256:6:262:Infinity":65,"s:258:8:261:Infinity":66,"s:265:25:273:Infinity":67,"s:275:6:294:Infinity":68,"b:281:20:281:47:281:47:281:Infinity":24,"f:282:38:282:39":6,"s:282:45:282:96":69,"b:285:20:285:40:285:40:285:Infinity":25,"f:286:38:286:39":7,"s:286:45:286:81":70,"b:289:20:289:51:289:51:289:Infinity":26,"f:290:38:290:39":8,"s:290:45:290:93":71,"b:293:19:293:46:293:46:293:66:293:66:293:Infinity":27,"s:296:6:296:Infinity":72,"s:297:6:300:Infinity":73}}}
,"/Users/julianbradley/daily-event-insurance/app/api/documents/templates/route.ts": {"path":"/Users/julianbradley/daily-event-insurance/app/api/documents/templates/route.ts","statementMap":{"0":{"start":{"line":13,"column":8},"end":{"line":17,"column":null}},"1":{"start":{"line":19,"column":2},"end":{"line":31,"column":null}},"2":{"start":{"line":37,"column":2},"end":{"line":122,"column":null}},"3":{"start":{"line":38,"column":29},"end":{"line":38,"column":null}},"4":{"start":{"line":39,"column":22},"end":{"line":39,"column":null}},"5":{"start":{"line":42,"column":72},"end":{"line":42,"column":null}},"6":{"start":{"line":44,"column":4},"end":{"line":65,"column":null}},"7":{"start":{"line":45,"column":24},"end":{"line":49,"column":null}},"8":{"start":{"line":51,"column":6},"end":{"line":64,"column":null}},"9":{"start":{"line":52,"column":8},"end":{"line":63,"column":null}},"10":{"start":{"line":68,"column":4},"end":{"line":90,"column":null}},"11":{"start":{"line":69,"column":26},"end":{"line":73,"column":null}},"12":{"start":{"line":76,"column":6},"end":{"line":89,"column":null}},"13":{"start":{"line":77,"column":8},"end":{"line":88,"column":null}},"14":{"start":{"line":79,"column":45},"end":{"line":85,"column":12}},"15":{"start":{"line":94,"column":4},"end":{"line":105,"column":null}},"16":{"start":{"line":96,"column":52},"end":{"line":102,"column":8}},"17":{"start":{"line":107,"column":4},"end":{"line":107,"column":null}},"18":{"start":{"line":110,"column":4},"end":{"line":121,"column":null}},"19":{"start":{"line":112,"column":52},"end":{"line":118,"column":8}},"20":{"start":{"line":130,"column":2},"end":{"line":202,"column":null}},"21":{"start":{"line":132,"column":23},"end":{"line":132,"column":null}},"22":{"start":{"line":134,"column":4},"end":{"line":201,"column":null}},"23":{"start":{"line":135,"column":19},"end":{"line":135,"column":null}},"24":{"start":{"line":136,"column":56},"end":{"line":136,"column":null}},"25":{"start":{"line":138,"column":6},"end":{"line":143,"column":null}},"26":{"start":{"line":139,"column":8},"end":{"line":142,"column":null}},"27":{"start":{"line":146,"column":25},"end":{"line":146,"column":null}},"28":{"start":{"line":147,"column":6},"end":{"line":154,"column":null}},"29":{"start":{"line":149,"column":29},"end":{"line":149,"column":null}},"30":{"start":{"line":150,"column":8},"end":{"line":153,"column":null}},"31":{"start":{"line":157,"column":6},"end":{"line":162,"column":null}},"32":{"start":{"line":158,"column":8},"end":{"line":161,"column":null}},"33":{"start":{"line":165,"column":6},"end":{"line":168,"column":null}},"34":{"start":{"line":171,"column":28},"end":{"line":180,"column":null}},"35":{"start":{"line":183,"column":6},"end":{"line":189,"column":null}},"36":{"start":{"line":191,"column":6},"end":{"line":194,"column":null}},"37":{"start":{"line":196,"column":6},"end":{"line":196,"column":null}},"38":{"start":{"line":197,"column":6},"end":{"line":200,"column":null}}},"fnMap":{"0":{"name":"populateDocumentContent","decl":{"start":{"line":12,"column":9},"end":{"line":12,"column":33}},"loc":{"start":{"line":12,"column":114},"end":{"line":32,"column":null}},"line":12},"1":{"name":"GET","decl":{"start":{"line":36,"column":22},"end":{"line":36,"column":26}},"loc":{"start":{"line":36,"column":44},"end":{"line":123,"column":null}},"line":36},"2":{"name":"(anonymous_2)","decl":{"start":{"line":79,"column":37},"end":{"line":79,"column":38}},"loc":{"start":{"line":79,"column":45},"end":{"line":85,"column":12}},"line":79},"3":{"name":"(anonymous_3)","decl":{"start":{"line":96,"column":35},"end":{"line":96,"column":36}},"loc":{"start":{"line":96,"column":52},"end":{"line":102,"column":8}},"line":96},"4":{"name":"(anonymous_4)","decl":{"start":{"line":112,"column":35},"end":{"line":112,"column":36}},"loc":{"start":{"line":112,"column":52},"end":{"line":118,"column":8}},"line":112},"5":{"name":"POST","decl":{"start":{"line":129,"column":22},"end":{"line":129,"column":27}},"loc":{"start":{"line":129,"column":45},"end":{"line":203,"column":null}},"line":129},"6":{"name":"(anonymous_6)","decl":{"start":{"line":130,"column":18},"end":{"line":130,"column":30}},"loc":{"start":{"line":130,"column":30},"end":{"line":202,"column":3}},"line":130}},"branchMap":{"0":{"loc":{"start":{"line":20,"column":39},"end":{"line":20,"column":84}},"type":"binary-expr","locations":[{"start":{"line":20,"column":39},"end":{"line":20,"column":67}},{"start":{"line":20,"column":67},"end":{"line":20,"column":84}}],"line":20},"1":{"loc":{"start":{"line":21,"column":38},"end":{"line":21,"column":81}},"type":"binary-expr","locations":[{"start":{"line":21,"column":38},"end":{"line":21,"column":65}},{"start":{"line":21,"column":65},"end":{"line":21,"column":81}}],"line":21},"2":{"loc":{"start":{"line":22,"column":39},"end":{"line":22,"column":84}},"type":"binary-expr","locations":[{"start":{"line":22,"column":39},"end":{"line":22,"column":67}},{"start":{"line":22,"column":67},"end":{"line":22,"column":84}}],"line":22},"3":{"loc":{"start":{"line":23,"column":39},"end":{"line":23,"column":84}},"type":"binary-expr","locations":[{"start":{"line":23,"column":39},"end":{"line":23,"column":67}},{"start":{"line":23,"column":67},"end":{"line":23,"column":84}}],"line":23},"4":{"loc":{"start":{"line":24,"column":42},"end":{"line":24,"column":93}},"type":"binary-expr","locations":[{"start":{"line":24,"column":42},"end":{"line":24,"column":73}},{"start":{"line":24,"column":73},"end":{"line":24,"column":93}}],"line":24},"5":{"loc":{"start":{"line":25,"column":37},"end":{"line":25,"column":78}},"type":"binary-expr","locations":[{"start":{"line":25,"column":37},"end":{"line":25,"column":63}},{"start":{"line":25,"column":63},"end":{"line":25,"column":78}}],"line":25},"6":{"loc":{"start":{"line":26,"column":39},"end":{"line":26,"column":84}},"type":"binary-expr","locations":[{"start":{"line":26,"column":39},"end":{"line":26,"column":67}},{"start":{"line":26,"column":67},"end":{"line":26,"column":84}}],"line":26},"7":{"loc":{"start":{"line":27,"column":45},"end":{"line":27,"column":96}},"type":"binary-expr","locations":[{"start":{"line":27,"column":45},"end":{"line":27,"column":78}},{"start":{"line":27,"column":78},"end":{"line":27,"column":96}}],"line":27},"8":{"loc":{"start":{"line":28,"column":46},"end":{"line":28,"column":104}},"type":"binary-expr","locations":[{"start":{"line":28,"column":46},"end":{"line":28,"column":80}},{"start":{"line":28,"column":80},"end":{"line":28,"column":104}}],"line":28},"9":{"loc":{"start":{"line":29,"column":46},"end":{"line":29,"column":104}},"type":"binary-expr","locations":[{"start":{"line":29,"column":46},"end":{"line":29,"column":80}},{"start":{"line":29,"column":80},"end":{"line":29,"column":104}}],"line":29},"10":{"loc":{"start":{"line":44,"column":4},"end":{"line":65,"column":null}},"type":"if","locations":[{"start":{"line":44,"column":4},"end":{"line":65,"column":null}},{"start":{},"end":{}}],"line":44},"11":{"loc":{"start":{"line":44,"column":8},"end":{"line":44,"column":25}},"type":"binary-expr","locations":[{"start":{"line":44,"column":8},"end":{"line":44,"column":21}},{"start":{"line":44,"column":21},"end":{"line":44,"column":25}}],"line":44},"12":{"loc":{"start":{"line":51,"column":6},"end":{"line":64,"column":null}},"type":"if","locations":[{"start":{"line":51,"column":6},"end":{"line":64,"column":null}},{"start":{},"end":{}}],"line":51},"13":{"loc":{"start":{"line":68,"column":4},"end":{"line":90,"column":null}},"type":"if","locations":[{"start":{"line":68,"column":4},"end":{"line":90,"column":null}},{"start":{},"end":{}}],"line":68},"14":{"loc":{"start":{"line":76,"column":6},"end":{"line":89,"column":null}},"type":"if","locations":[{"start":{"line":76,"column":6},"end":{"line":89,"column":null}},{"start":{},"end":{}}],"line":76},"15":{"loc":{"start":{"line":83,"column":21},"end":{"line":83,"column":null}},"type":"cond-expr","locations":[{"start":{"line":83,"column":35},"end":{"line":83,"column":85}},{"start":{"line":83,"column":85},"end":{"line":83,"column":null}}],"line":83},"16":{"loc":{"start":{"line":100,"column":17},"end":{"line":100,"column":null}},"type":"cond-expr","locations":[{"start":{"line":100,"column":31},"end":{"line":100,"column":83}},{"start":{"line":100,"column":83},"end":{"line":100,"column":null}}],"line":100},"17":{"loc":{"start":{"line":136,"column":36},"end":{"line":136,"column":52}},"type":"default-arg","locations":[{"start":{"line":136,"column":46},"end":{"line":136,"column":52}}],"line":136},"18":{"loc":{"start":{"line":138,"column":6},"end":{"line":143,"column":null}},"type":"if","locations":[{"start":{"line":138,"column":6},"end":{"line":143,"column":null}},{"start":{},"end":{}}],"line":138},"19":{"loc":{"start":{"line":138,"column":10},"end":{"line":138,"column":39}},"type":"binary-expr","locations":[{"start":{"line":138,"column":10},"end":{"line":138,"column":19}},{"start":{"line":138,"column":19},"end":{"line":138,"column":29}},{"start":{"line":138,"column":29},"end":{"line":138,"column":39}}],"line":138},"20":{"loc":{"start":{"line":147,"column":6},"end":{"line":154,"column":null}},"type":"if","locations":[{"start":{"line":147,"column":6},"end":{"line":154,"column":null}},{"start":{},"end":{}}],"line":147},"21":{"loc":{"start":{"line":151,"column":35},"end":{"line":151,"column":133}},"type":"cond-expr","locations":[{"start":{"line":151,"column":50},"end":{"line":151,"column":76}},{"start":{"line":151,"column":76},"end":{"line":151,"column":133}}],"line":151},"22":{"loc":{"start":{"line":157,"column":6},"end":{"line":162,"column":null}},"type":"if","locations":[{"start":{"line":157,"column":6},"end":{"line":162,"column":null}},{"start":{},"end":{}}],"line":157}},"s":{"0":0,"1":0,"2":5,"3":5,"4":5,"5":5,"6":5,"7":0,"8":0,"9":0,"10":5,"11":4,"12":1,"13":1,"14":2,"15":1,"16":3,"17":3,"18":3,"19":9,"20":11,"21":11,"22":11,"23":11,"24":10,"25":10,"26":3,"27":7,"28":7,"29":1,"30":1,"31":6,"32":4,"33":2,"34":1,"35":1,"36":1,"37":2,"38":2},"f":{"0":0,"1":5,"2":2,"3":3,"4":9,"5":11,"6":11},"b":{"0":[0,0],"1":[0,0],"2":[0,0],"3":[0,0],"4":[0,0],"5":[0,0],"6":[0,0],"7":[0,0],"8":[0,0],"9":[0,0],"10":[0,5],"11":[5,0],"12":[0,0],"13":[4,1],"14":[1,0],"15":[0,2],"16":[0,3],"17":[10],"18":[3,7],"19":[10,9,8],"20":[1,6],"21":[0,1],"22":[4,2]},"meta":{"lastBranch":23,"lastFunction":7,"lastStatement":39,"seen":{"f:12:9:12:33":0,"s:13:8:17:Infinity":0,"s:19:2:31:Infinity":1,"b:20:39:20:67:20:67:20:84":0,"b:21:38:21:65:21:65:21:81":1,"b:22:39:22:67:22:67:22:84":2,"b:23:39:23:67:23:67:23:84":3,"b:24:42:24:73:24:73:24:93":4,"b:25:37:25:63:25:63:25:78":5,"b:26:39:26:67:26:67:26:84":6,"b:27:45:27:78:27:78:27:96":7,"b:28:46:28:80:28:80:28:104":8,"b:29:46:29:80:29:80:29:104":9,"f:36:22:36:26":1,"s:37:2:122:Infinity":2,"s:38:29:38:Infinity":3,"s:39:22:39:Infinity":4,"s:42:72:42:Infinity":5,"b:44:4:65:Infinity:undefined:undefined:undefined:undefined":10,"s:44:4:65:Infinity":6,"b:44:8:44:21:44:21:44:25":11,"s:45:24:49:Infinity":7,"b:51:6:64:Infinity:undefined:undefined:undefined:undefined":12,"s:51:6:64:Infinity":8,"s:52:8:63:Infinity":9,"b:68:4:90:Infinity:undefined:undefined:undefined:undefined":13,"s:68:4:90:Infinity":10,"s:69:26:73:Infinity":11,"b:76:6:89:Infinity:undefined:undefined:undefined:undefined":14,"s:76:6:89:Infinity":12,"s:77:8:88:Infinity":13,"f:79:37:79:38":2,"s:79:45:85:12":14,"b:83:35:83:85:83:85:83:Infinity":15,"s:94:4:105:Infinity":15,"f:96:35:96:36":3,"s:96:52:102:8":16,"b:100:31:100:83:100:83:100:Infinity":16,"s:107:4:107:Infinity":17,"s:110:4:121:Infinity":18,"f:112:35:112:36":4,"s:112:52:118:8":19,"f:129:22:129:27":5,"s:130:2:202:Infinity":20,"f:130:18:130:30":6,"s:132:23:132:Infinity":21,"s:134:4:201:Infinity":22,"s:135:19:135:Infinity":23,"s:136:56:136:Infinity":24,"b:136:46:136:52":17,"b:138:6:143:Infinity:undefined:undefined:undefined:undefined":18,"s:138:6:143:Infinity":25,"b:138:10:138:19:138:19:138:29:138:29:138:39":19,"s:139:8:142:Infinity":26,"s:146:25:146:Infinity":27,"b:147:6:154:Infinity:undefined:undefined:undefined:undefined":20,"s:147:6:154:Infinity":28,"s:149:29:149:Infinity":29,"s:150:8:153:Infinity":30,"b:151:50:151:76:151:76:151:133":21,"b:157:6:162:Infinity:undefined:undefined:undefined:undefined":22,"s:157:6:162:Infinity":31,"s:158:8:161:Infinity":32,"s:165:6:168:Infinity":33,"s:171:28:180:Infinity":34,"s:183:6:189:Infinity":35,"s:191:6:194:Infinity":36,"s:196:6:196:Infinity":37,"s:197:6:200:Infinity":38}}}
,"/Users/julianbradley/daily-event-insurance/app/api/leads/route.ts": {"path":"/Users/julianbradley/daily-event-insurance/app/api/leads/route.ts","statementMap":{"0":{"start":{"line":15,"column":25},"end":{"line":60,"column":null}},"1":{"start":{"line":64,"column":22},"end":{"line":64,"column":null}},"2":{"start":{"line":65,"column":32},"end":{"line":65,"column":null}},"3":{"start":{"line":67,"column":15},"end":{"line":67,"column":null}},"4":{"start":{"line":68,"column":19},"end":{"line":68,"column":null}},"5":{"start":{"line":70,"column":2},"end":{"line":93,"column":null}},"6":{"start":{"line":72,"column":6},"end":{"line":72,"column":null}},"7":{"start":{"line":73,"column":6},"end":{"line":73,"column":null}},"8":{"start":{"line":74,"column":6},"end":{"line":74,"column":null}},"9":{"start":{"line":76,"column":6},"end":{"line":76,"column":null}},"10":{"start":{"line":77,"column":6},"end":{"line":77,"column":null}},"11":{"start":{"line":78,"column":6},"end":{"line":78,"column":null}},"12":{"start":{"line":80,"column":28},"end":{"line":80,"column":null}},"13":{"start":{"line":81,"column":25},"end":{"line":81,"column":null}},"14":{"start":{"line":82,"column":6},"end":{"line":82,"column":null}},"15":{"start":{"line":83,"column":6},"end":{"line":83,"column":null}},"16":{"start":{"line":84,"column":6},"end":{"line":84,"column":null}},"17":{"start":{"line":86,"column":27},"end":{"line":86,"column":null}},"18":{"start":{"line":87,"column":28},"end":{"line":87,"column":null}},"19":{"start":{"line":88,"column":6},"end":{"line":88,"column":null}},"20":{"start":{"line":89,"column":6},"end":{"line":89,"column":null}},"21":{"start":{"line":90,"column":6},"end":{"line":90,"column":null}},"22":{"start":{"line":92,"column":6},"end":{"line":92,"column":null}},"23":{"start":{"line":95,"column":2},"end":{"line":95,"column":null}},"24":{"start":{"line":101,"column":8},"end":{"line":101,"column":null}},"25":{"start":{"line":102,"column":57},"end":{"line":102,"column":null}},"26":{"start":{"line":104,"column":2},"end":{"line":106,"column":null}},"27":{"start":{"line":105,"column":4},"end":{"line":105,"column":null}},"28":{"start":{"line":108,"column":2},"end":{"line":262,"column":null}},"29":{"start":{"line":109,"column":17},"end":{"line":109,"column":null}},"30":{"start":{"line":110,"column":23},"end":{"line":110,"column":null}},"31":{"start":{"line":112,"column":4},"end":{"line":114,"column":null}},"32":{"start":{"line":113,"column":6},"end":{"line":113,"column":null}},"33":{"start":{"line":116,"column":17},"end":{"line":116,"column":null}},"34":{"start":{"line":119,"column":29},"end":{"line":119,"column":null}},"35":{"start":{"line":122,"column":24},"end":{"line":122,"column":null}},"36":{"start":{"line":125,"column":47},"end":{"line":137,"column":null}},"37":{"start":{"line":139,"column":10},"end":{"line":139,"column":null}},"38":{"start":{"line":142,"column":4},"end":{"line":178,"column":null}},"39":{"start":{"line":143,"column":22},"end":{"line":157,"column":null}},"40":{"start":{"line":159,"column":6},"end":{"line":164,"column":null}},"41":{"start":{"line":166,"column":6},"end":{"line":177,"column":null}},"42":{"start":{"line":181,"column":22},"end":{"line":195,"column":null}},"43":{"start":{"line":197,"column":4},"end":{"line":201,"column":null}},"44":{"start":{"line":205,"column":26},"end":{"line":205,"column":null}},"45":{"start":{"line":206,"column":4},"end":{"line":224,"column":null}},"46":{"start":{"line":207,"column":40},"end":{"line":207,"column":null}},"47":{"start":{"line":209,"column":29},"end":{"line":216,"column":null}},"48":{"start":{"line":218,"column":6},"end":{"line":223,"column":null}},"49":{"start":{"line":219,"column":8},"end":{"line":219,"column":null}},"50":{"start":{"line":220,"column":8},"end":{"line":220,"column":null}},"51":{"start":{"line":222,"column":8},"end":{"line":222,"column":null}},"52":{"start":{"line":228,"column":4},"end":{"line":243,"column":null}},"53":{"start":{"line":241,"column":6},"end":{"line":241,"column":null}},"54":{"start":{"line":245,"column":4},"end":{"line":257,"column":null}},"55":{"start":{"line":260,"column":4},"end":{"line":260,"column":null}},"56":{"start":{"line":261,"column":4},"end":{"line":261,"column":null}},"57":{"start":{"line":267,"column":2},"end":{"line":366,"column":null}},"58":{"start":{"line":269,"column":4},"end":{"line":269,"column":null}},"59":{"start":{"line":271,"column":4},"end":{"line":365,"column":null}},"60":{"start":{"line":272,"column":29},"end":{"line":272,"column":null}},"61":{"start":{"line":273,"column":17},"end":{"line":273,"column":null}},"62":{"start":{"line":274,"column":18},"end":{"line":274,"column":null}},"63":{"start":{"line":275,"column":21},"end":{"line":275,"column":null}},"64":{"start":{"line":276,"column":19},"end":{"line":276,"column":null}},"65":{"start":{"line":279,"column":4},"end":{"line":344,"column":null}},"66":{"start":{"line":280,"column":24},"end":{"line":325,"column":null}},"67":{"start":{"line":327,"column":21},"end":{"line":327,"column":null}},"68":{"start":{"line":328,"column":6},"end":{"line":328,"column":null}},"69":{"start":{"line":328,"column":20},"end":{"line":328,"column":null}},"70":{"start":{"line":328,"column":52},"end":{"line":328,"column":75}},"71":{"start":{"line":329,"column":6},"end":{"line":329,"column":null}},"72":{"start":{"line":329,"column":18},"end":{"line":329,"column":null}},"73":{"start":{"line":329,"column":50},"end":{"line":329,"column":69}},"74":{"start":{"line":331,"column":12},"end":{"line":331,"column":null}},"75":{"start":{"line":332,"column":20},"end":{"line":332,"column":null}},"76":{"start":{"line":334,"column":6},"end":{"line":343,"column":null}},"77":{"start":{"line":347,"column":10},"end":{"line":347,"column":null}},"78":{"start":{"line":349,"column":20},"end":{"line":354,"column":null}},"79":{"start":{"line":356,"column":4},"end":{"line":360,"column":null}},"80":{"start":{"line":363,"column":6},"end":{"line":363,"column":null}},"81":{"start":{"line":364,"column":6},"end":{"line":364,"column":null}}},"fnMap":{"0":{"name":"calculateEstimatedRevenue","decl":{"start":{"line":63,"column":9},"end":{"line":63,"column":35}},"loc":{"start":{"line":63,"column":83},"end":{"line":96,"column":null}},"line":63},"1":{"name":"POST","decl":{"start":{"line":99,"column":22},"end":{"line":99,"column":27}},"loc":{"start":{"line":99,"column":49},"end":{"line":263,"column":null}},"line":99},"2":{"name":"(anonymous_2)","decl":{"start":{"line":240,"column":13},"end":{"line":240,"column":22}},"loc":{"start":{"line":240,"column":22},"end":{"line":243,"column":5}},"line":240},"3":{"name":"GET","decl":{"start":{"line":266,"column":22},"end":{"line":266,"column":26}},"loc":{"start":{"line":266,"column":48},"end":{"line":367,"column":null}},"line":266},"4":{"name":"(anonymous_4)","decl":{"start":{"line":267,"column":18},"end":{"line":267,"column":30}},"loc":{"start":{"line":267,"column":30},"end":{"line":366,"column":3}},"line":267},"5":{"name":"(anonymous_5)","decl":{"start":{"line":328,"column":47},"end":{"line":328,"column":52}},"loc":{"start":{"line":328,"column":52},"end":{"line":328,"column":75}},"line":328},"6":{"name":"(anonymous_6)","decl":{"start":{"line":329,"column":45},"end":{"line":329,"column":50}},"loc":{"start":{"line":329,"column":50},"end":{"line":329,"column":69}},"line":329}},"branchMap":{"0":{"loc":{"start":{"line":70,"column":2},"end":{"line":93,"column":null}},"type":"switch","locations":[{"start":{"line":71,"column":4},"end":{"line":74,"column":null}},{"start":{"line":75,"column":4},"end":{"line":78,"column":null}},{"start":{"line":79,"column":4},"end":{"line":84,"column":null}},{"start":{"line":85,"column":4},"end":{"line":90,"column":null}},{"start":{"line":91,"column":4},"end":{"line":92,"column":null}}],"line":70},"1":{"loc":{"start":{"line":72,"column":15},"end":{"line":72,"column":null}},"type":"binary-expr","locations":[{"start":{"line":72,"column":15},"end":{"line":72,"column":54}},{"start":{"line":72,"column":54},"end":{"line":72,"column":null}}],"line":72},"2":{"loc":{"start":{"line":72,"column":24},"end":{"line":72,"column":49}},"type":"binary-expr","locations":[{"start":{"line":72,"column":24},"end":{"line":72,"column":46}},{"start":{"line":72,"column":46},"end":{"line":72,"column":49}}],"line":72},"3":{"loc":{"start":{"line":76,"column":15},"end":{"line":76,"column":null}},"type":"binary-expr","locations":[{"start":{"line":76,"column":15},"end":{"line":76,"column":55}},{"start":{"line":76,"column":55},"end":{"line":76,"column":null}}],"line":76},"4":{"loc":{"start":{"line":76,"column":24},"end":{"line":76,"column":50}},"type":"binary-expr","locations":[{"start":{"line":76,"column":24},"end":{"line":76,"column":47}},{"start":{"line":76,"column":47},"end":{"line":76,"column":50}}],"line":76},"5":{"loc":{"start":{"line":80,"column":28},"end":{"line":80,"column":null}},"type":"binary-expr","locations":[{"start":{"line":80,"column":28},"end":{"line":80,"column":67}},{"start":{"line":80,"column":67},"end":{"line":80,"column":null}}],"line":80},"6":{"loc":{"start":{"line":80,"column":37},"end":{"line":80,"column":62}},"type":"binary-expr","locations":[{"start":{"line":80,"column":37},"end":{"line":80,"column":59}},{"start":{"line":80,"column":59},"end":{"line":80,"column":62}}],"line":80},"7":{"loc":{"start":{"line":81,"column":25},"end":{"line":81,"column":null}},"type":"binary-expr","locations":[{"start":{"line":81,"column":25},"end":{"line":81,"column":65}},{"start":{"line":81,"column":65},"end":{"line":81,"column":null}}],"line":81},"8":{"loc":{"start":{"line":81,"column":34},"end":{"line":81,"column":60}},"type":"binary-expr","locations":[{"start":{"line":81,"column":34},"end":{"line":81,"column":55}},{"start":{"line":81,"column":55},"end":{"line":81,"column":60}}],"line":81},"9":{"loc":{"start":{"line":86,"column":27},"end":{"line":86,"column":null}},"type":"binary-expr","locations":[{"start":{"line":86,"column":27},"end":{"line":86,"column":73}},{"start":{"line":86,"column":73},"end":{"line":86,"column":null}}],"line":86},"10":{"loc":{"start":{"line":86,"column":36},"end":{"line":86,"column":68}},"type":"binary-expr","locations":[{"start":{"line":86,"column":36},"end":{"line":86,"column":65}},{"start":{"line":86,"column":65},"end":{"line":86,"column":68}}],"line":86},"11":{"loc":{"start":{"line":87,"column":28},"end":{"line":87,"column":null}},"type":"binary-expr","locations":[{"start":{"line":87,"column":28},"end":{"line":87,"column":67}},{"start":{"line":87,"column":67},"end":{"line":87,"column":null}}],"line":87},"12":{"loc":{"start":{"line":87,"column":37},"end":{"line":87,"column":62}},"type":"binary-expr","locations":[{"start":{"line":87,"column":37},"end":{"line":87,"column":59}},{"start":{"line":87,"column":59},"end":{"line":87,"column":62}}],"line":87},"13":{"loc":{"start":{"line":104,"column":2},"end":{"line":106,"column":null}},"type":"if","locations":[{"start":{"line":104,"column":2},"end":{"line":106,"column":null}},{"start":{},"end":{}}],"line":104},"14":{"loc":{"start":{"line":112,"column":4},"end":{"line":114,"column":null}},"type":"if","locations":[{"start":{"line":112,"column":4},"end":{"line":114,"column":null}},{"start":{},"end":{}}],"line":112},"15":{"loc":{"start":{"line":122,"column":24},"end":{"line":122,"column":null}},"type":"binary-expr","locations":[{"start":{"line":122,"column":24},"end":{"line":122,"column":49}},{"start":{"line":122,"column":49},"end":{"line":122,"column":68}},{"start":{"line":122,"column":68},"end":{"line":122,"column":89}},{"start":{"line":122,"column":89},"end":{"line":122,"column":null}}],"line":122},"16":{"loc":{"start":{"line":142,"column":4},"end":{"line":178,"column":null}},"type":"if","locations":[{"start":{"line":142,"column":4},"end":{"line":178,"column":null}},{"start":{},"end":{}}],"line":142},"17":{"loc":{"start":{"line":148,"column":15},"end":{"line":148,"column":null}},"type":"binary-expr","locations":[{"start":{"line":148,"column":15},"end":{"line":148,"column":29}},{"start":{"line":148,"column":29},"end":{"line":148,"column":null}}],"line":148},"18":{"loc":{"start":{"line":187,"column":15},"end":{"line":187,"column":null}},"type":"binary-expr","locations":[{"start":{"line":187,"column":15},"end":{"line":187,"column":29}},{"start":{"line":187,"column":29},"end":{"line":187,"column":null}}],"line":187},"19":{"loc":{"start":{"line":193,"column":19},"end":{"line":193,"column":null}},"type":"binary-expr","locations":[{"start":{"line":193,"column":19},"end":{"line":193,"column":37}},{"start":{"line":193,"column":37},"end":{"line":193,"column":null}}],"line":193},"20":{"loc":{"start":{"line":206,"column":4},"end":{"line":224,"column":null}},"type":"if","locations":[{"start":{"line":206,"column":4},"end":{"line":224,"column":null}},{"start":{},"end":{}}],"line":206},"21":{"loc":{"start":{"line":218,"column":6},"end":{"line":223,"column":null}},"type":"if","locations":[{"start":{"line":218,"column":6},"end":{"line":223,"column":null}},{"start":{"line":221,"column":13},"end":{"line":223,"column":null}}],"line":218},"22":{"loc":{"start":{"line":273,"column":26},"end":{"line":273,"column":57}},"type":"binary-expr","locations":[{"start":{"line":273,"column":26},"end":{"line":273,"column":54}},{"start":{"line":273,"column":54},"end":{"line":273,"column":57}}],"line":273},"23":{"loc":{"start":{"line":274,"column":27},"end":{"line":274,"column":60}},"type":"binary-expr","locations":[{"start":{"line":274,"column":27},"end":{"line":274,"column":56}},{"start":{"line":274,"column":56},"end":{"line":274,"column":60}}],"line":274},"24":{"loc":{"start":{"line":279,"column":4},"end":{"line":344,"column":null}},"type":"if","locations":[{"start":{"line":279,"column":4},"end":{"line":344,"column":null}},{"start":{},"end":{}}],"line":279},"25":{"loc":{"start":{"line":328,"column":6},"end":{"line":328,"column":null}},"type":"if","locations":[{"start":{"line":328,"column":6},"end":{"line":328,"column":null}},{"start":{},"end":{}}],"line":328},"26":{"loc":{"start":{"line":329,"column":6},"end":{"line":329,"column":null}},"type":"if","locations":[{"start":{"line":329,"column":6},"end":{"line":329,"column":null}},{"start":{},"end":{}}],"line":329}},"s":{"0":1,"1":15,"2":15,"3":15,"4":15,"5":15,"6":6,"7":6,"8":6,"9":2,"10":2,"11":2,"12":2,"13":2,"14":2,"15":2,"16":2,"17":2,"18":2,"19":2,"20":2,"21":2,"22":3,"23":15,"24":19,"25":19,"26":19,"27":1,"28":18,"29":18,"30":18,"31":18,"32":3,"33":15,"34":15,"35":15,"36":19,"37":19,"38":19,"39":15,"40":15,"41":15,"42":0,"43":0,"44":0,"45":0,"46":0,"47":0,"48":0,"49":0,"50":0,"51":0,"52":0,"53":0,"54":0,"55":0,"56":0,"57":4,"58":4,"59":4,"60":4,"61":4,"62":4,"63":4,"64":4,"65":4,"66":4,"67":4,"68":4,"69":1,"70":4,"71":4,"72":1,"73":4,"74":4,"75":4,"76":4,"77":0,"78":0,"79":0,"80":0,"81":0},"f":{"0":15,"1":19,"2":0,"3":4,"4":4,"5":4,"6":4},"b":{"0":[6,2,2,2,3],"1":[6,0],"2":[6,0],"3":[2,1],"4":[2,1],"5":[2,1],"6":[2,1],"7":[2,0],"8":[2,1],"9":[2,1],"10":[2,1],"11":[2,0],"12":[2,1],"13":[1,18],"14":[3,15],"15":[15,5,5,5],"16":[15,4],"17":[15,15],"18":[0,0],"19":[19,0],"20":[0,0],"21":[0,0],"22":[4,3],"23":[4,3],"24":[4,0],"25":[1,3],"26":[1,3]},"meta":{"lastBranch":27,"lastFunction":7,"lastStatement":82,"seen":{"s:15:25:60:Infinity":0,"f:63:9:63:35":0,"s:64:22:64:Infinity":1,"s:65:32:65:Infinity":2,"s:67:15:67:Infinity":3,"s:68:19:68:Infinity":4,"b:71:4:74:Infinity:75:4:78:Infinity:79:4:84:Infinity:85:4:90:Infinity:91:4:92:Infinity":0,"s:70:2:93:Infinity":5,"s:72:6:72:Infinity":6,"b:72:15:72:54:72:54:72:Infinity":1,"b:72:24:72:46:72:46:72:49":2,"s:73:6:73:Infinity":7,"s:74:6:74:Infinity":8,"s:76:6:76:Infinity":9,"b:76:15:76:55:76:55:76:Infinity":3,"b:76:24:76:47:76:47:76:50":4,"s:77:6:77:Infinity":10,"s:78:6:78:Infinity":11,"s:80:28:80:Infinity":12,"b:80:28:80:67:80:67:80:Infinity":5,"b:80:37:80:59:80:59:80:62":6,"s:81:25:81:Infinity":13,"b:81:25:81:65:81:65:81:Infinity":7,"b:81:34:81:55:81:55:81:60":8,"s:82:6:82:Infinity":14,"s:83:6:83:Infinity":15,"s:84:6:84:Infinity":16,"s:86:27:86:Infinity":17,"b:86:27:86:73:86:73:86:Infinity":9,"b:86:36:86:65:86:65:86:68":10,"s:87:28:87:Infinity":18,"b:87:28:87:67:87:67:87:Infinity":11,"b:87:37:87:59:87:59:87:62":12,"s:88:6:88:Infinity":19,"s:89:6:89:Infinity":20,"s:90:6:90:Infinity":21,"s:92:6:92:Infinity":22,"s:95:2:95:Infinity":23,"f:99:22:99:27":1,"s:101:8:101:Infinity":24,"s:102:57:102:Infinity":25,"b:104:2:106:Infinity:undefined:undefined:undefined:undefined":13,"s:104:2:106:Infinity":26,"s:105:4:105:Infinity":27,"s:108:2:262:Infinity":28,"s:109:17:109:Infinity":29,"s:110:23:110:Infinity":30,"b:112:4:114:Infinity:undefined:undefined:undefined:undefined":14,"s:112:4:114:Infinity":31,"s:113:6:113:Infinity":32,"s:116:17:116:Infinity":33,"s:119:29:119:Infinity":34,"s:122:24:122:Infinity":35,"b:122:24:122:49:122:49:122:68:122:68:122:89:122:89:122:Infinity":15,"s:125:47:137:Infinity":36,"s:139:10:139:Infinity":37,"b:142:4:178:Infinity:undefined:undefined:undefined:undefined":16,"s:142:4:178:Infinity":38,"s:143:22:157:Infinity":39,"b:148:15:148:29:148:29:148:Infinity":17,"s:159:6:164:Infinity":40,"s:166:6:177:Infinity":41,"s:181:22:195:Infinity":42,"b:187:15:187:29:187:29:187:Infinity":18,"b:193:19:193:37:193:37:193:Infinity":19,"s:197:4:201:Infinity":43,"s:205:26:205:Infinity":44,"b:206:4:224:Infinity:undefined:undefined:undefined:undefined":20,"s:206:4:224:Infinity":45,"s:207:40:207:Infinity":46,"s:209:29:216:Infinity":47,"b:218:6:223:Infinity:221:13:223:Infinity":21,"s:218:6:223:Infinity":48,"s:219:8:219:Infinity":49,"s:220:8:220:Infinity":50,"s:222:8:222:Infinity":51,"s:228:4:243:Infinity":52,"f:240:13:240:22":2,"s:241:6:241:Infinity":53,"s:245:4:257:Infinity":54,"s:260:4:260:Infinity":55,"s:261:4:261:Infinity":56,"f:266:22:266:26":3,"s:267:2:366:Infinity":57,"f:267:18:267:30":4,"s:269:4:269:Infinity":58,"s:271:4:365:Infinity":59,"s:272:29:272:Infinity":60,"s:273:17:273:Infinity":61,"b:273:26:273:54:273:54:273:57":22,"s:274:18:274:Infinity":62,"b:274:27:274:56:274:56:274:60":23,"s:275:21:275:Infinity":63,"s:276:19:276:Infinity":64,"b:279:4:344:Infinity:undefined:undefined:undefined:undefined":24,"s:279:4:344:Infinity":65,"s:280:24:325:Infinity":66,"s:327:21:327:Infinity":67,"b:328:6:328:Infinity:undefined:undefined:undefined:undefined":25,"s:328:6:328:Infinity":68,"s:328:20:328:Infinity":69,"f:328:47:328:52":5,"s:328:52:328:75":70,"b:329:6:329:Infinity:undefined:undefined:undefined:undefined":26,"s:329:6:329:Infinity":71,"s:329:18:329:Infinity":72,"f:329:45:329:50":6,"s:329:50:329:69":73,"s:331:12:331:Infinity":74,"s:332:20:332:Infinity":75,"s:334:6:343:Infinity":76,"s:347:10:347:Infinity":77,"s:349:20:354:Infinity":78,"s:356:4:360:Infinity":79,"s:363:6:363:Infinity":80,"s:364:6:364:Infinity":81}}}
,"/Users/julianbradley/daily-event-insurance/app/api/partner/profile/route.ts": {"path":"/Users/julianbradley/daily-event-insurance/app/api/partner/profile/route.ts","statementMap":{"0":{"start":{"line":12,"column":2},"end":{"line":60,"column":null}},"1":{"start":{"line":13,"column":23},"end":{"line":13,"column":null}},"2":{"start":{"line":16,"column":4},"end":{"line":22,"column":null}},"3":{"start":{"line":17,"column":6},"end":{"line":17,"column":null}},"4":{"start":{"line":18,"column":6},"end":{"line":21,"column":null}},"5":{"start":{"line":25,"column":26},"end":{"line":29,"column":null}},"6":{"start":{"line":31,"column":4},"end":{"line":36,"column":null}},"7":{"start":{"line":32,"column":6},"end":{"line":35,"column":null}},"8":{"start":{"line":38,"column":20},"end":{"line":38,"column":null}},"9":{"start":{"line":41,"column":21},"end":{"line":44,"column":null}},"10":{"start":{"line":47,"column":28},"end":{"line":51,"column":null}},"11":{"start":{"line":53,"column":22},"end":{"line":53,"column":null}},"12":{"start":{"line":55,"column":4},"end":{"line":59,"column":null}},"13":{"start":{"line":68,"column":2},"end":{"line":176,"column":null}},"14":{"start":{"line":69,"column":23},"end":{"line":69,"column":null}},"15":{"start":{"line":71,"column":4},"end":{"line":76,"column":null}},"16":{"start":{"line":72,"column":6},"end":{"line":75,"column":null}},"17":{"start":{"line":79,"column":26},"end":{"line":83,"column":null}},"18":{"start":{"line":85,"column":4},"end":{"line":90,"column":null}},"19":{"start":{"line":86,"column":6},"end":{"line":89,"column":null}},"20":{"start":{"line":92,"column":20},"end":{"line":92,"column":null}},"21":{"start":{"line":95,"column":17},"end":{"line":95,"column":null}},"22":{"start":{"line":106,"column":8},"end":{"line":106,"column":null}},"23":{"start":{"line":109,"column":62},"end":{"line":109,"column":null}},"24":{"start":{"line":110,"column":4},"end":{"line":110,"column":null}},"25":{"start":{"line":110,"column":36},"end":{"line":110,"column":null}},"26":{"start":{"line":111,"column":4},"end":{"line":111,"column":null}},"27":{"start":{"line":111,"column":36},"end":{"line":111,"column":null}},"28":{"start":{"line":112,"column":4},"end":{"line":112,"column":null}},"29":{"start":{"line":112,"column":35},"end":{"line":112,"column":null}},"30":{"start":{"line":113,"column":4},"end":{"line":113,"column":null}},"31":{"start":{"line":113,"column":36},"end":{"line":113,"column":null}},"32":{"start":{"line":114,"column":4},"end":{"line":114,"column":null}},"33":{"start":{"line":114,"column":36},"end":{"line":114,"column":null}},"34":{"start":{"line":115,"column":4},"end":{"line":115,"column":null}},"35":{"start":{"line":115,"column":39},"end":{"line":115,"column":null}},"36":{"start":{"line":116,"column":4},"end":{"line":116,"column":null}},"37":{"start":{"line":116,"column":36},"end":{"line":116,"column":null}},"38":{"start":{"line":117,"column":4},"end":{"line":117,"column":null}},"39":{"start":{"line":117,"column":31},"end":{"line":117,"column":null}},"40":{"start":{"line":120,"column":4},"end":{"line":126,"column":null}},"41":{"start":{"line":121,"column":6},"end":{"line":121,"column":null}},"42":{"start":{"line":122,"column":6},"end":{"line":125,"column":null}},"43":{"start":{"line":129,"column":4},"end":{"line":158,"column":null}},"44":{"start":{"line":130,"column":6},"end":{"line":157,"column":null}},"45":{"start":{"line":131,"column":58},"end":{"line":131,"column":null}},"46":{"start":{"line":132,"column":8},"end":{"line":132,"column":null}},"47":{"start":{"line":132,"column":26},"end":{"line":132,"column":null}},"48":{"start":{"line":135,"column":32},"end":{"line":139,"column":null}},"49":{"start":{"line":141,"column":8},"end":{"line":156,"column":null}},"50":{"start":{"line":142,"column":10},"end":{"line":148,"column":null}},"51":{"start":{"line":150,"column":10},"end":{"line":155,"column":null}},"52":{"start":{"line":161,"column":27},"end":{"line":165,"column":null}},"53":{"start":{"line":167,"column":28},"end":{"line":170,"column":null}},"54":{"start":{"line":172,"column":4},"end":{"line":175,"column":null}}},"fnMap":{"0":{"name":"GET","decl":{"start":{"line":11,"column":22},"end":{"line":11,"column":26}},"loc":{"start":{"line":11,"column":48},"end":{"line":61,"column":null}},"line":11},"1":{"name":"(anonymous_1)","decl":{"start":{"line":12,"column":18},"end":{"line":12,"column":30}},"loc":{"start":{"line":12,"column":30},"end":{"line":60,"column":3}},"line":12},"2":{"name":"PATCH","decl":{"start":{"line":67,"column":22},"end":{"line":67,"column":28}},"loc":{"start":{"line":67,"column":50},"end":{"line":177,"column":null}},"line":67},"3":{"name":"(anonymous_3)","decl":{"start":{"line":68,"column":18},"end":{"line":68,"column":30}},"loc":{"start":{"line":68,"column":30},"end":{"line":176,"column":3}},"line":68}},"branchMap":{"0":{"loc":{"start":{"line":16,"column":4},"end":{"line":22,"column":null}},"type":"if","locations":[{"start":{"line":16,"column":4},"end":{"line":22,"column":null}},{"start":{},"end":{}}],"line":16},"1":{"loc":{"start":{"line":16,"column":8},"end":{"line":16,"column":40}},"type":"binary-expr","locations":[{"start":{"line":16,"column":8},"end":{"line":16,"column":21}},{"start":{"line":16,"column":21},"end":{"line":16,"column":40}}],"line":16},"2":{"loc":{"start":{"line":31,"column":4},"end":{"line":36,"column":null}},"type":"if","locations":[{"start":{"line":31,"column":4},"end":{"line":36,"column":null}},{"start":{},"end":{}}],"line":31},"3":{"loc":{"start":{"line":53,"column":22},"end":{"line":53,"column":null}},"type":"cond-expr","locations":[{"start":{"line":53,"column":51},"end":{"line":53,"column":72}},{"start":{"line":53,"column":72},"end":{"line":53,"column":null}}],"line":53},"4":{"loc":{"start":{"line":71,"column":4},"end":{"line":76,"column":null}},"type":"if","locations":[{"start":{"line":71,"column":4},"end":{"line":76,"column":null}},{"start":{},"end":{}}],"line":71},"5":{"loc":{"start":{"line":85,"column":4},"end":{"line":90,"column":null}},"type":"if","locations":[{"start":{"line":85,"column":4},"end":{"line":90,"column":null}},{"start":{},"end":{}}],"line":85},"6":{"loc":{"start":{"line":110,"column":4},"end":{"line":110,"column":null}},"type":"if","locations":[{"start":{"line":110,"column":4},"end":{"line":110,"column":null}},{"start":{},"end":{}}],"line":110},"7":{"loc":{"start":{"line":111,"column":4},"end":{"line":111,"column":null}},"type":"if","locations":[{"start":{"line":111,"column":4},"end":{"line":111,"column":null}},{"start":{},"end":{}}],"line":111},"8":{"loc":{"start":{"line":112,"column":4},"end":{"line":112,"column":null}},"type":"if","locations":[{"start":{"line":112,"column":4},"end":{"line":112,"column":null}},{"start":{},"end":{}}],"line":112},"9":{"loc":{"start":{"line":113,"column":4},"end":{"line":113,"column":null}},"type":"if","locations":[{"start":{"line":113,"column":4},"end":{"line":113,"column":null}},{"start":{},"end":{}}],"line":113},"10":{"loc":{"start":{"line":114,"column":4},"end":{"line":114,"column":null}},"type":"if","locations":[{"start":{"line":114,"column":4},"end":{"line":114,"column":null}},{"start":{},"end":{}}],"line":114},"11":{"loc":{"start":{"line":115,"column":4},"end":{"line":115,"column":null}},"type":"if","locations":[{"start":{"line":115,"column":4},"end":{"line":115,"column":null}},{"start":{},"end":{}}],"line":115},"12":{"loc":{"start":{"line":116,"column":4},"end":{"line":116,"column":null}},"type":"if","locations":[{"start":{"line":116,"column":4},"end":{"line":116,"column":null}},{"start":{},"end":{}}],"line":116},"13":{"loc":{"start":{"line":117,"column":4},"end":{"line":117,"column":null}},"type":"if","locations":[{"start":{"line":117,"column":4},"end":{"line":117,"column":null}},{"start":{},"end":{}}],"line":117},"14":{"loc":{"start":{"line":120,"column":4},"end":{"line":126,"column":null}},"type":"if","locations":[{"start":{"line":120,"column":4},"end":{"line":126,"column":null}},{"start":{},"end":{}}],"line":120},"15":{"loc":{"start":{"line":129,"column":4},"end":{"line":158,"column":null}},"type":"if","locations":[{"start":{"line":129,"column":4},"end":{"line":158,"column":null}},{"start":{},"end":{}}],"line":129},"16":{"loc":{"start":{"line":129,"column":8},"end":{"line":129,"column":57}},"type":"binary-expr","locations":[{"start":{"line":129,"column":8},"end":{"line":129,"column":26}},{"start":{"line":129,"column":26},"end":{"line":129,"column":57}}],"line":129},"17":{"loc":{"start":{"line":132,"column":8},"end":{"line":132,"column":null}},"type":"if","locations":[{"start":{"line":132,"column":8},"end":{"line":132,"column":null}},{"start":{},"end":{}}],"line":132},"18":{"loc":{"start":{"line":141,"column":8},"end":{"line":156,"column":null}},"type":"if","locations":[{"start":{"line":141,"column":8},"end":{"line":156,"column":null}},{"start":{"line":149,"column":15},"end":{"line":156,"column":null}}],"line":141},"19":{"loc":{"start":{"line":145,"column":25},"end":{"line":145,"column":null}},"type":"binary-expr","locations":[{"start":{"line":145,"column":25},"end":{"line":145,"column":38}},{"start":{"line":145,"column":38},"end":{"line":145,"column":null}}],"line":145},"20":{"loc":{"start":{"line":146,"column":36},"end":{"line":146,"column":57}},"type":"binary-expr","locations":[{"start":{"line":146,"column":36},"end":{"line":146,"column":53}},{"start":{"line":146,"column":53},"end":{"line":146,"column":57}}],"line":146},"21":{"loc":{"start":{"line":153,"column":23},"end":{"line":153,"column":null}},"type":"binary-expr","locations":[{"start":{"line":153,"column":23},"end":{"line":153,"column":36}},{"start":{"line":153,"column":36},"end":{"line":153,"column":null}}],"line":153},"22":{"loc":{"start":{"line":154,"column":34},"end":{"line":154,"column":55}},"type":"binary-expr","locations":[{"start":{"line":154,"column":34},"end":{"line":154,"column":51}},{"start":{"line":154,"column":51},"end":{"line":154,"column":55}}],"line":154}},"s":{"0":4,"1":4,"2":4,"3":2,"4":2,"5":2,"6":2,"7":1,"8":1,"9":1,"10":1,"11":1,"12":4,"13":4,"14":4,"15":4,"16":1,"17":3,"18":3,"19":1,"20":2,"21":2,"22":2,"23":2,"24":2,"25":1,"26":2,"27":2,"28":2,"29":2,"30":2,"31":2,"32":2,"33":2,"34":2,"35":2,"36":2,"37":2,"38":2,"39":0,"40":2,"41":1,"42":1,"43":2,"44":1,"45":1,"46":1,"47":0,"48":1,"49":1,"50":0,"51":1,"52":2,"53":2,"54":2},"f":{"0":4,"1":4,"2":4,"3":4},"b":{"0":[2,2],"1":[4,4],"2":[1,1],"3":[1,0],"4":[1,3],"5":[1,2],"6":[1,1],"7":[0,2],"8":[0,2],"9":[0,2],"10":[0,2],"11":[0,2],"12":[0,2],"13":[0,2],"14":[1,1],"15":[1,1],"16":[2,1],"17":[0,1],"18":[0,1],"19":[0,0],"20":[0,0],"21":[1,0],"22":[1,1]},"meta":{"lastBranch":23,"lastFunction":4,"lastStatement":55,"seen":{"f:11:22:11:26":0,"s:12:2:60:Infinity":0,"f:12:18:12:30":1,"s:13:23:13:Infinity":1,"b:16:4:22:Infinity:undefined:undefined:undefined:undefined":0,"s:16:4:22:Infinity":2,"b:16:8:16:21:16:21:16:40":1,"s:17:6:17:Infinity":3,"s:18:6:21:Infinity":4,"s:25:26:29:Infinity":5,"b:31:4:36:Infinity:undefined:undefined:undefined:undefined":2,"s:31:4:36:Infinity":6,"s:32:6:35:Infinity":7,"s:38:20:38:Infinity":8,"s:41:21:44:Infinity":9,"s:47:28:51:Infinity":10,"s:53:22:53:Infinity":11,"b:53:51:53:72:53:72:53:Infinity":3,"s:55:4:59:Infinity":12,"f:67:22:67:28":2,"s:68:2:176:Infinity":13,"f:68:18:68:30":3,"s:69:23:69:Infinity":14,"b:71:4:76:Infinity:undefined:undefined:undefined:undefined":4,"s:71:4:76:Infinity":15,"s:72:6:75:Infinity":16,"s:79:26:83:Infinity":17,"b:85:4:90:Infinity:undefined:undefined:undefined:undefined":5,"s:85:4:90:Infinity":18,"s:86:6:89:Infinity":19,"s:92:20:92:Infinity":20,"s:95:17:95:Infinity":21,"s:106:8:106:Infinity":22,"s:109:62:109:Infinity":23,"b:110:4:110:Infinity:undefined:undefined:undefined:undefined":6,"s:110:4:110:Infinity":24,"s:110:36:110:Infinity":25,"b:111:4:111:Infinity:undefined:undefined:undefined:undefined":7,"s:111:4:111:Infinity":26,"s:111:36:111:Infinity":27,"b:112:4:112:Infinity:undefined:undefined:undefined:undefined":8,"s:112:4:112:Infinity":28,"s:112:35:112:Infinity":29,"b:113:4:113:Infinity:undefined:undefined:undefined:undefined":9,"s:113:4:113:Infinity":30,"s:113:36:113:Infinity":31,"b:114:4:114:Infinity:undefined:undefined:undefined:undefined":10,"s:114:4:114:Infinity":32,"s:114:36:114:Infinity":33,"b:115:4:115:Infinity:undefined:undefined:undefined:undefined":11,"s:115:4:115:Infinity":34,"s:115:39:115:Infinity":35,"b:116:4:116:Infinity:undefined:undefined:undefined:undefined":12,"s:116:4:116:Infinity":36,"s:116:36:116:Infinity":37,"b:117:4:117:Infinity:undefined:undefined:undefined:undefined":13,"s:117:4:117:Infinity":38,"s:117:31:117:Infinity":39,"b:120:4:126:Infinity:undefined:undefined:undefined:undefined":14,"s:120:4:126:Infinity":40,"s:121:6:121:Infinity":41,"s:122:6:125:Infinity":42,"b:129:4:158:Infinity:undefined:undefined:undefined:undefined":15,"s:129:4:158:Infinity":43,"b:129:8:129:26:129:26:129:57":16,"s:130:6:157:Infinity":44,"s:131:58:131:Infinity":45,"b:132:8:132:Infinity:undefined:undefined:undefined:undefined":17,"s:132:8:132:Infinity":46,"s:132:26:132:Infinity":47,"s:135:32:139:Infinity":48,"b:141:8:156:Infinity:149:15:156:Infinity":18,"s:141:8:156:Infinity":49,"s:142:10:148:Infinity":50,"b:145:25:145:38:145:38:145:Infinity":19,"b:146:36:146:53:146:53:146:57":20,"s:150:10:155:Infinity":51,"b:153:23:153:36:153:36:153:Infinity":21,"b:154:34:154:51:154:51:154:55":22,"s:161:27:165:Infinity":52,"s:167:28:170:Infinity":53,"s:172:4:175:Infinity":54}}}
,"/Users/julianbradley/daily-event-insurance/app/onboarding/documents/page.tsx": {"path":"/Users/julianbradley/daily-event-insurance/app/onboarding/documents/page.tsx","statementMap":{"0":{"start":{"line":34,"column":57},"end":{"line":38,"column":null}},"1":{"start":{"line":41,"column":8},"end":{"line":41,"column":null}},"2":{"start":{"line":42,"column":24},"end":{"line":42,"column":null}},"3":{"start":{"line":43,"column":32},"end":{"line":43,"column":null}},"4":{"start":{"line":44,"column":28},"end":{"line":44,"column":null}},"5":{"start":{"line":45,"column":24},"end":{"line":45,"column":null}},"6":{"start":{"line":46,"column":32},"end":{"line":46,"column":null}},"7":{"start":{"line":47,"column":46},"end":{"line":47,"column":null}},"8":{"start":{"line":48,"column":46},"end":{"line":48,"column":null}},"9":{"start":{"line":49,"column":38},"end":{"line":49,"column":null}},"10":{"start":{"line":52,"column":2},"end":{"line":96,"column":null}},"11":{"start":{"line":54,"column":6},"end":{"line":92,"column":null}},"12":{"start":{"line":56,"column":27},"end":{"line":56,"column":null}},"13":{"start":{"line":57,"column":46},"end":{"line":57,"column":null}},"14":{"start":{"line":59,"column":8},"end":{"line":73,"column":null}},"15":{"start":{"line":60,"column":30},"end":{"line":60,"column":null}},"16":{"start":{"line":61,"column":10},"end":{"line":72,"column":null}},"17":{"start":{"line":62,"column":12},"end":{"line":62,"column":null}},"18":{"start":{"line":63,"column":12},"end":{"line":63,"column":null}},"19":{"start":{"line":66,"column":30},"end":{"line":66,"column":null}},"20":{"start":{"line":67,"column":31},"end":{"line":67,"column":null}},"21":{"start":{"line":69,"column":12},"end":{"line":71,"column":null}},"22":{"start":{"line":70,"column":14},"end":{"line":70,"column":null}},"23":{"start":{"line":76,"column":29},"end":{"line":78,"column":null}},"24":{"start":{"line":79,"column":29},"end":{"line":79,"column":null}},"25":{"start":{"line":80,"column":30},"end":{"line":80,"column":null}},"26":{"start":{"line":82,"column":8},"end":{"line":86,"column":null}},"27":{"start":{"line":83,"column":10},"end":{"line":83,"column":null}},"28":{"start":{"line":85,"column":10},"end":{"line":85,"column":null}},"29":{"start":{"line":88,"column":8},"end":{"line":88,"column":null}},"30":{"start":{"line":89,"column":8},"end":{"line":89,"column":null}},"31":{"start":{"line":91,"column":8},"end":{"line":91,"column":null}},"32":{"start":{"line":95,"column":4},"end":{"line":95,"col
[...]
2}},"29":{"start":{"line":190,"column":13},"end":{"line":222,"column":null}},"30":{"start":{"line":192,"column":49},"end":{"line":192,"column":60}},"31":{"start":{"line":215,"column":15},"end":{"line":222,"column":2}},"32":{"start":{"line":225,"column":13},"end":{"line":263,"column":null}},"33":{"start":{"line":227,"column":49},"end":{"line":227,"column":60}},"34":{"start":{"line":228,"column":45},"end":{"line":228,"column":54}},"35":{"start":{"line":255,"column":15},"end":{"line":263,"column":2}},"36":{"start":{"line":266,"column":13},"end":{"line":281,"column":null}},"37":{"start":{"line":277,"column":15},"end":{"line":281,"column":2}},"38":{"start":{"line":284,"column":13},"end":{"line":296,"column":null}},"39":{"start":{"line":286,"column":49},"end":{"line":286,"column":62}},"40":{"start":{"line":287,"column":43},"end":{"line":287,"column":63}},"41":{"start":{"line":289,"column":49},"end":{"line":289,"column":57}},"42":{"start":{"line":293,"column":15},"end":{"line":296,"column":2}},"43":{"start":{"line":299,"column":13},"end":{"line":320,"column":null}},"44":{"start":{"line":301,"column":49},"end":{"line":301,"column":62}},"45":{"start":{"line":315,"column":15},"end":{"line":320,"column":2}},"46":{"start":{"line":325,"column":13},"end":{"line":367,"column":null}},"47":{"start":{"line":327,"column":47},"end":{"line":327,"column":58}},"48":{"start":{"line":328,"column":49},"end":{"line":328,"column":60}},"49":{"start":{"line":360,"column":15},"end":{"line":367,"column":2}},"50":{"start":{"line":370,"column":13},"end":{"line":419,"column":null}},"51":{"start":{"line":372,"column":47},"end":{"line":372,"column":58}},"52":{"start":{"line":373,"column":49},"end":{"line":373,"column":60}},"53":{"start":{"line":412,"column":15},"end":{"line":419,"column":2}},"54":{"start":{"line":422,"column":13},"end":{"line":442,"column":null}},"55":{"start":{"line":424,"column":45},"end":{"line":424,"column":56}},"56":{"start":{"line":439,"column":15},"end":{"line":442,"column":2}},"57":{"start":{"line":447,"column":13},"end":{"line":506,"column":null}},"58":{"start":{"line":449,"column":49},"end":{"line":449,"column":62}},"59":{"start":{"line":470,"column":53},"end":{"line":470,"column":66}},"60":{"start":{"line":500,"column":15},"end":{"line":506,"column":2}},"61":{"start":{"line":511,"column":13},"end":{"line":559,"column":null}},"62":{"start":{"line":513,"column":49},"end":{"line":513,"column":62}},"63":{"start":{"line":554,"column":15},"end":{"line":559,"column":2}},"64":{"start":{"line":562,"column":13},"end":{"line":587,"column":null}},"65":{"start":{"line":564,"column":53},"end":{"line":564,"column":68}},"66":{"start":{"line":582,"column":15},"end":{"line":587,"column":2}},"67":{"start":{"line":590,"column":13},"end":{"line":617,"column":null}},"68":{"start":{"line":592,"column":53},"end":{"line":592,"column":68}},"69":{"start":{"line":613,"column":15},"end":{"line":617,"column":2}},"70":{"start":{"line":620,"column":13},"end":{"line":662,"column":null}},"71":{"start":{"line":622,"column":53},"end":{"line":622,"column":66}},"72":{"start":{"line":623,"column":49},"end":{"line":623,"column":60}},"73":{"start":{"line":646,"column":51},"end":{"line":646,"column":59}},"74":{"start":{"line":650,"column":73},"end":{"line":650,"column":84}},"75":{"start":{"line":656,"column":15},"end":{"line":662,"column":2}},"76":{"start":{"line":667,"column":13},"end":{"line":691,"column":null}},"77":{"start":{"line":669,"column":43},"end":{"line":669,"column":53}},"78":{"start":{"line":687,"column":15},"end":{"line":691,"column":2}},"79":{"start":{"line":694,"column":13},"end":{"line":732,"column":null}},"80":{"start":{"line":696,"column":51},"end":{"line":696,"column":70}},"81":{"start":{"line":697,"column":43},"end":{"line":697,"column":53}},"82":{"start":{"line":726,"column":15},"end":{"line":732,"column":2}},"83":{"start":{"line":737,"column":13},"end":{"line":767,"column":null}},"84":{"start":{"line":739,"column":49},"end":{"line":739,"column":62}},"85":{"start":{"line":740,"column":51},"end":{"line":740,"column":72}},"86":{"start":{"line":762,"column":15},"end":{"line":767,"column":2}},"87":{"start":{"line":770,"column":13},"end":{"line":796,"column":null}},"88":{"start":{"line":772,"column":62},"end":{"line":772,"column":87}},"89":{"start":{"line":790,"column":15},"end":{"line":796,"column":2}}},"fnMap":{"0":{"name":"(anonymous_0)","decl":{"start":{"line":21,"column":47},"end":{"line":21,"column":53}},"loc":{"start":{"line":21,"column":53},"end":{"line":21,"column":63}},"line":21},"1":{"name":"(anonymous_1)","decl":{"start":{"line":32,"column":3},"end":{"line":32,"column":4}},"loc":{"start":{"line":32,"column":17},"end":{"line":34,"column":2}},"line":32},"2":{"name":"(anonymous_2)","decl":{"start":{"line":39,"column":47},"end":{"line":39,"column":53}},"loc":{"start":{"line":39,"column":53},"end":{"line":39,"column":63}},"line":39},"3":{"name":"(anonymous_3)","decl":{"start":{"line":48,"column":3},"end":{"line":48,"column":4}},"loc":{"start":{"line":48,"column":12},"end":{"line":50,"column":2}},"line":48},"4":{"name":"(anonymous_4)","decl":{"start":{"line":57,"column":46},"end":{"line":57,"column":52}},"loc":{"start":{"line":57,"column":52},"end":{"line":57,"column":62}},"line":57},"5":{"name":"(anonymous_5)","decl":{"start":{"line":89,"column":45},"end":{"line":89,"column":51}},"loc":{"start":{"line":89,"column":51},"end":{"line":89,"column":59}},"line":89},"6":{"name":"(anonymous_6)","decl":{"start":{"line":92,"column":3},"end":{"line":92,"column":4}},"loc":{"start":{"line":92,"column":15},"end":{"line":96,"column":2}},"line":92},"7":{"name":"(anonymous_7)","decl":{"start":{"line":101,"column":43},"end":{"line":101,"column":49}},"loc":{"start":{"line":101,"column":49},"end":{"line":101,"column":60}},"line":101},"8":{"name":"(anonymous_8)","decl":{"start":{"line":106,"column":3},"end":{"line":106,"column":4}},"loc":{"start":{"line":106,"column":15},"end":{"line":108,"column":2}},"line":106},"9":{"name":"(anonymous_9)","decl":{"start":{"line":113,"column":43},"end":{"line":113,"column":49}},"loc":{"start":{"line":113,"column":49},"end":{"line":113,"column":60}},"line":113},"10":{"name":"(anonymous_10)","decl":{"start":{"line":119,"column":3},"end":{"line":119,"column":4}},"loc":{"start":{"line":119,"column":15},"end":{"line":121,"column":2}},"line":119},"11":{"name":"(anonymous_11)","decl":{"start":{"line":139,"column":43},"end":{"line":139,"column":49}},"loc":{"start":{"line":139,"column":49},"end":{"line":139,"column":60}},"line":139},"12":{"name":"(anonymous_12)","decl":{"start":{"line":140,"column":45},"end":{"line":140,"column":51}},"loc":{"start":{"line":140,"column":51},"end":{"line":140,"column":70}},"line":140},"13":{"name":"(anonymous_13)","decl":{"start":{"line":147,"column":43},"end":{"line":147,"column":49}},"loc":{"start":{"line":147,"column":49},"end":{"line":147,"column":62}},"line":147},"14":{"name":"(anonymous_14)","decl":{"start":{"line":168,"column":3},"end":{"line":168,"column":4}},"loc":{"start":{"line":168,"column":15},"end":{"line":171,"column":2}},"line":168},"15":{"name":"(anonymous_15)","decl":{"start":{"line":179,"column":43},"end":{"line":179,"column":49}},"loc":{"start":{"line":179,"column":49},"end":{"line":179,"column":60}},"line":179},"16":{"name":"(anonymous_16)","decl":{"start":{"line":184,"column":3},"end":{"line":184,"column":4}},"loc":{"start":{"line":184,"column":15},"end":{"line":187,"column":2}},"line":184},"17":{"name":"(anonymous_17)","decl":{"start":{"line":192,"column":43},"end":{"line":192,"column":49}},"loc":{"start":{"line":192,"column":49},"end":{"line":192,"column":60}},"line":192},"18":{"name":"(anonymous_18)","decl":{"start":{"line":215,"column":3},"end":{"line":215,"column":4}},"loc":{"start":{"line":215,"column":15},"end":{"line":222,"column":2}},"line":215},"19":{"name":"(anonymous_19)","decl":{"start":{"line":227,"column":43},"end":{"line":227,"column":49}},"loc":{"start":{"line":227,"column":49},"end":{"line":227,"column":60}},"line":227},"20":{"name":"(anonymous_20)","decl":{"start":{"line":228,"column":39},"end":{"line":228,"column":45}},"loc":{"start":{"line":228,"column":45},"end":{"line":228,"column":54}},"line":228},"21":{"name":"(anonymous_21)","decl":{"start":{"line":255,"column":3},"end":{"line":255,"column":4}},"loc":{"start":{"line":255,"column":15},"end":{"line":263,"column":2}},"line":255},"22":{"name":"(anonymous_22)","decl":{"start":{"line":277,"column":3},"end":{"line":277,"column":4}},"loc":{"start":{"line":277,"column":15},"end":{"line":281,"column":2}},"line":277},"23":{"name":"(anonymous_23)","decl":{"start":{"line":286,"column":43},"end":{"line":286,"column":49}},"loc":{"start":{"line":286,"column":49},"end":{"line":286,"column":62}},"line":286},"24":{"name":"(anonymous_24)","decl":{"start":{"line":287,"column":37},"end":{"line":287,"column":43}},"loc":{"start":{"line":287,"column":43},"end":{"line":287,"column":63}},"line":287},"25":{"name":"(anonymous_25)","decl":{"start":{"line":289,"column":43},"end":{"line":289,"column":49}},"loc":{"start":{"line":289,"column":49},"end":{"line":289,"column":57}},"line":289},"26":{"name":"(anonymous_26)","decl":{"start":{"line":293,"column":3},"end":{"line":293,"column":4}},"loc":{"start":{"line":293,"column":15},"end":{"line":296,"column":2}},"line":293},"27":{"name":"(anonymous_27)","decl":{"start":{"line":301,"column":43},"end":{"line":301,"column":49}},"loc":{"start":{"line":301,"column":49},"end":{"line":301,"column":62}},"line":301},"28":{"name":"(anonymous_28)","decl":{"start":{"line":315,"column":3},"end":{"line":315,"column":4}},"loc":{"start":{"line":315,"column":15},"end":{"line":320,"column":2}},"line":315},"29":{"name":"(anonymous_29)","decl":{"start":{"line":327,"column":41},"end":{"line":327,"column":47}},"loc":{"start":{"line":327,"column":47},"end":{"line":327,"column":58}},"line":327},"30":{"name":"(anonymous_30)","decl":{"start":{"line":328,"column":43},"end":{"line":328,"column":49}},"loc":{"start":{"line":328,"column":49},"end":{"line":328,"column":60}},"line":328},"31":{"name":"(anonymous_31)","decl":{"start":{"line":360,"column":3},"end":{"line":360,"column":4}},"loc":{"start":{"line":360,"column":15},"end":{"line":367,"column":2}},"line":360},"32":{"name":"(anonymous_32)","decl":{"start":{"line":372,"column":41},"end":{"line":372,"column":47}},"loc":{"start":{"line":372,"column":47},"end":{"line":372,"column":58}},"line":372},"33":{"name":"(anonymous_33)","decl":{"start":{"line":373,"column":43},"end":{"line":373,"column":49}},"loc":{"start":{"line":373,"column":49},"end":{"line":373,"column":60}},"line":373},"34":{"name":"(anonymous_34)","decl":{"start":{"line":412,"column":3},"end":{"line":412,"column":4}},"loc":{"start":{"line":412,"column":15},"end":{"line":419,"column":2}},"line":412},"35":{"name":"(anonymous_35)","decl":{"start":{"line":424,"column":39},"end":{"line":424,"column":45}},"loc":{"start":{"line":424,"column":45},"end":{"line":424,"column":56}},"line":424},"36":{"name":"(anonymous_36)","decl":{"start":{"line":439,"column":3},"end":{"line":439,"column":4}},"loc":{"start":{"line":439,"column":15},"end":{"line":442,"column":2}},"line":439},"37":{"name":"(anonymous_37)","decl":{"start":{"line":449,"column":43},"end":{"line":449,"column":49}},"loc":{"start":{"line":449,"column":49},"end":{"line":449,"column":62}},"line":449},"38":{"name":"(anonymous_38)","decl":{"start":{"line":470,"column":47},"end":{"line":470,"column":53}},"loc":{"start":{"line":470,"column":53},"end":{"line":470,"column":66}},"line":470},"39":{"name":"(anonymous_39)","decl":{"start":{"line":500,"column":3},"end":{"line":500,"column":4}},"loc":{"start":{"line":500,"column":15},"end":{"line":506,"column":2}},"line":500},"40":{"name":"(anonymous_40)","decl":{"start":{"line":513,"column":43},"end":{"line":513,"column":49}},"loc":{"start":{"line":513,"column":49},"end":{"line":513,"column":62}},"line":513},"41":{"name":"(anonymous_41)","decl":{"start":{"line":554,"column":3},"end":{"line":554,"column":4}},"loc":{"start":{"line":554,"column":15},"end":{"line":559,"column":2}},"line":554},"42":{"name":"(anonymous_42)","decl":{"start":{"line":564,"column":47},"end":{"line":564,"column":53}},"loc":{"start":{"line":564,"column":53},"end":{"line":564,"column":68}},"line":564},"43":{"name":"(anonymous_43)","decl":{"start":{"line":582,"column":3},"end":{"line":582,"column":4}},"loc":{"start":{"line":582,"column":15},"end":{"line":587,"column":2}},"line":582},"44":{"name":"(anonymous_44)","decl":{"start":{"line":592,"column":47},"end":{"line":592,"column":53}},"loc":{"start":{"line":592,"column":53},"end":{"line":592,"column":68}},"line":592},"45":{"name":"(anonymous_45)","decl":{"start":{"line":613,"column":3},"end":{"line":613,"column":4}},"loc":{"start":{"line":613,"column":15},"end":{"line":617,"column":2}},"line":613},"46":{"name":"(anonymous_46)","decl":{"start":{"line":622,"column":47},"end":{"line":622,"column":53}},"loc":{"start":{"line":622,"column":53},"end":{"line":622,"column":66}},"line":622},"47":{"name":"(anonymous_47)","decl":{"start":{"line":623,"column":43},"end":{"line":623,"column":49}},"loc":{"start":{"line":623,"column":49},"end":{"line":623,"column":60}},"line":623},"48":{"name":"(anonymous_48)","decl":{"start":{"line":646,"column":45},"end":{"line":646,"column":51}},"loc":{"start":{"line":646,"column":51},"end":{"line":646,"column":59}},"line":646},"49":{"name":"(anonymous_49)","decl":{"start":{"line":650,"column":67},"end":{"line":650,"column":73}},"loc":{"start":{"line":650,"column":73},"end":{"line":650,"column":84}},"line":650},"50":{"name":"(anonymous_50)","decl":{"start":{"line":656,"column":3},"end":{"line":656,"column":4}},"loc":{"start":{"line":656,"column":15},"end":{"line":662,"column":2}},"line":656},"51":{"name":"(anonymous_51)","decl":{"start":{"line":669,"column":37},"end":{"line":669,"column":43}},"loc":{"start":{"line":669,"column":43},"end":{"line":669,"column":53}},"line":669},"52":{"name":"(anonymous_52)","decl":{"start":{"line":687,"column":3},"end":{"line":687,"column":4}},"loc":{"start":{"line":687,"column":15},"end":{"line":691,"column":2}},"line":687},"53":{"name":"(anonymous_53)","decl":{"start":{"line":696,"column":45},"end":{"line":696,"column":51}},"loc":{"start":{"line":696,"column":51},"end":{"line":696,"column":70}},"line":696},"54":{"name":"(anonymous_54)","decl":{"start":{"line":697,"column":37},"end":{"line":697,"column":43}},"loc":{"start":{"line":697,"column":43},"end":{"line":697,"column":53}},"line":697},"55":{"name":"(anonymous_55)","decl":{"start":{"line":726,"column":3},"end":{"line":726,"column":4}},"loc":{"start":{"line":726,"column":15},"end":{"line":732,"column":2}},"line":726},"56":{"name":"(anonymous_56)","decl":{"start":{"line":739,"column":43},"end":{"line":739,"column":49}},"loc":{"start":{"line":739,"column":49},"end":{"line":739,"column":62}},"line":739},"57":{"name":"(anonymous_57)","decl":{"start":{"line":740,"column":45},"end":{"line":740,"column":51}},"loc":{"start":{"line":740,"column":51},"end":{"line":740,"column":72}},"line":740},"58":{"name":"(anonymous_58)","decl":{"start":{"line":762,"column":3},"end":{"line":762,"column":4}},"loc":{"start":{"line":762,"column":15},"end":{"line":767,"column":2}},"line":762},"59":{"name":"(anonymous_59)","decl":{"start":{"line":772,"column":56},"end":{"line":772,"column":62}},"loc":{"start":{"line":772,"column":62},"end":{"line":772,"column":87}},"line":772},"60":{"name":"(anonymous_60)","decl":{"start":{"line":790,"column":3},"end":{"line":790,"column":4}},"loc":{"start":{"line":790,"column":15},"end":{"line":796,"column":2}},"line":790}},"branchMap":{},"s":{"0":1,"1":1,"2":0,"3":0,"4":1,"5":0,"6":1,"7":0,"8":1,"9":0,"10":0,"11":0,"12":1,"13":0,"14":0,"15":1,"16":0,"17":0,"18":1,"19":1,"20":0,"21":0,"22":1,"23":0,"24":1,"25":0,"26":1,"27":0,"28":0,"29":1,"30":0,"31":0,"32":1,"33":0,"34":0,"35":0,"36":1,"37":0,"38":1,"39":0,"40":0,"41":0,"42":0,"43":1,"44":0,"45":0,"46":1,"47":0,"48":0,"49":0,"50":1,"51":0,"52":0,"53":0,"54":1,"55":0,"56":0,"57":1,"58":0,"59":0,"60":0,"61":1,"62":0,"63":0,"64":1,"65":0,"66":0,"67":1,"68":0,"69":0,"70":1,"71":0,"72":0,"73":0,"74":0,"75":0,"76":1,"77":0,"78":0,"79":1,"80":0,"81":0,"82":0,"83":1,"84":0,"85":0,"86":0,"87":1,"88":0,"89":0},"f":{"0":0,"1":0,"2":0,"3":0,"4":0,"5":0,"6":0,"7":0,"8":0,"9":0,"10":0,"11":0,"12":0,"13":0,"14":0,"15":0,"16":0,"17":0,"18":0,"19":0,"20":0,"21":0,"22":0,"23":0,"24":0,"25":0,"26":0,"27":0,"28":0,"29":0,"30":0,"31":0,"32":0,"33":0,"34":0,"35":0,"36":0,"37":0,"38":0,"39":0,"40":0,"41":0,"42":0,"43":0,"44":0,"45":0,"46":0,"47":0,"48":0,"49":0,"50":0,"51":0,"52":0,"53":0,"54":0,"55":0,"56":0,"57":0,"58":0,"59":0,"60":0},"b":{},"meta":{"lastBranch":0,"lastFunction":61,"lastStatement":90,"seen":{"s:7:13:17:Infinity":0,"s:20:13:34:Infinity":1,"f:21:47:21:53":0,"s:21:53:21:63":2,"f:32:3:32:4":1,"s:32:17:34:2":3,"s:37:13:41:Infinity":4,"f:39:47:39:53":2,"s:39:53:39:63":5,"s:44:13:50:Infinity":6,"f:48:3:48:4":3,"s:48:12:50:2":7,"s:55:13:96:Infinity":8,"f:57:46:57:52":4,"s:57:52:57:62":9,"f:89:45:89:51":5,"s:89:51:89:59":10,"f:92:3:92:4":6,"s:92:15:96:2":11,"s:99:13:108:Infinity":12,"f:101:43:101:49":7,"s:101:49:101:60":13,"f:106:3:106:4":8,"s:106:15:108:2":14,"s:111:13:121:Infinity":15,"f:113:43:113:49":9,"s:113:49:113:60":16,"f:119:3:119:4":10,"s:119:15:121:2":17,"s:124:13:134:Infinity":18,"s:137:13:142:Infinity":19,"f:139:43:139:49":11,"s:139:49:139:60":20,"f:140:45:140:51":12,"s:140:51:140:70":21,"s:145:13:156:Infinity":22,"f:147:43:147:49":13,"s:147:49:147:62":23,"s:159:13:171:Infinity":24,"f:168:3:168:4":14,"s:168:15:171:2":25,"s:174:13:187:Infinity":26,"f:179:43:179:49":15,"s:179:49:179:60":27,"f:184:3:184:4":16,"s:184:15:187:2":28,"s:190:13:222:Infinity":29,"f:192:43:192:49":17,"s:192:49:192:60":30,"f:215:3:215:4":18,"s:215:15:222:2":31,"s:225:13:263:Infinity":32,"f:227:43:227:49":19,"s:227:49:227:60":33,"f:228:39:228:45":20,"s:228:45:228:54":34,"f:255:3:255:4":21,"s:255:15:263:2":35,"s:266:13:281:Infinity":36,"f:277:3:277:4":22,"s:277:15:281:2":37,"s:284:13:296:Infinity":38,"f:286:43:286:49":23,"s:286:49:286:62":39,"f:287:37:287:43":24,"s:287:43:287:63":40,"f:289:43:289:49":25,"s:289:49:289:57":41,"f:293:3:293:4":26,"s:293:15:296:2":42,"s:299:13:320:Infinity":43,"f:301:43:301:49":27,"s:301:49:301:62":44,"f:315:3:315:4":28,"s:315:15:320:2":45,"s:325:13:367:Infinity":46,"f:327:41:327:47":29,"s:327:47:327:58":47,"f:328:43:328:49":30,"s:328:49:328:60":48,"f:360:3:360:4":31,"s:360:15:367:2":49,"s:370:13:419:Infinity":50,"f:372:41:372:47":32,"s:372:47:372:58":51,"f:373:43:373:49":33,"s:373:49:373:60":52,"f:412:3:412:4":34,"s:412:15:419:2":53,"s:422:13:442:Infinity":54,"f:424:39:424:45":35,"s:424:45:424:56":55,"f:439:3:439:4":36,"s:439:15:442:2":56,"s:447:13:506:Infinity":57,"f:449:43:449:49":37,"s:449:49:449:62":58,"f:470:47:470:53":38,"s:470:53:470:66":59,"f:500:3:500:4":39,"s:500:15:506:2":60,"s:511:13:559:Infinity":61,"f:513:43:513:49":40,"s:513:49:513:62":62,"f:554:3:554:4":41,"s:554:15:559:2":63,"s:562:13:587:Infinity":64,"f:564:47:564:53":42,"s:564:53:564:68":65,"f:582:3:582:4":43,"s:582:15:587:2":66,"s:590:13:617:Infinity":67,"f:592:47:592:53":44,"s:592:53:592:68":68,"f:613:3:613:4":45,"s:613:15:617:2":69,"s:620:13:662:Infinity":70,"f:622:47:622:53":46,"s:622:53:622:66":71,"f:623:43:623:49":47,"s:623:49:623:60":72,"f:646:45:646:51":48,"s:646:51:646:59":73,"f:650:67:650:73":49,"s:650:73:650:84":74,"f:656:3:656:4":50,"s:656:15:662:2":75,"s:667:13:691:Infinity":76,"f:669:37:669:43":51,"s:669:43:669:53":77,"f:687:3:687:4":52,"s:687:15:691:2":78,"s:694:13:732:Infinity":79,"f:696:45:696:51":53,"s:696:51:696:70":80,"f:697:37:697:43":54,"s:697:43:697:53":81,"f:726:3:726:4":55,"s:726:15:732:2":82,"s:737:13:767:Infinity":83,"f:739:43:739:49":56,"s:739:49:739:62":84,"f:740:45:740:51":57,"s:740:51:740:72":85,"f:762:3:762:4":58,"s:762:15:767:2":86,"s:770:13:796:Infinity":87,"f:772:56:772:62":59,"s:772:62:772:87":88,"f:790:3:790:4":60,"s:790:15:796:2":89}}}
}
